This is pdfeTeX, Version 3.141592-1.21a-2.2 (Web2C 7.5.4) (format=latex 2007.6.27)  7 APR 2011 16:02
entering extended mode
**An_exact_algorithm_to_identify_motifs_in_orthologous_sequences_from_multiple_
species

(./An_exact_algorithm_to_identify_motifs_in_orthologous_sequences_from_multiple
_species
LaTeX2e <2003/12/01>
Babel <v3.8d> and hyphenation patterns for american, french, german, ngerman, b
ahasa, basque, bulgarian, catalan, croatian, czech, danish, dutch, esperanto, e
stonian, finnish, greek, icelandic, irish, italian, latin, magyar, norsk, polis
h, portuges, romanian, russian, serbian, slovak, slovene, spanish, swedish, tur
kish, ukrainian, nohyphenation, loaded.
(/usr/share/texmf/tex/latex/base/article.cls
Document Class: article 2004/02/16 v1.4f Standard LaTeX document class
(/usr/share/texmf/tex/latex/base/size10.clo
File: size10.clo 2004/02/16 v1.4f Standard LaTeX file (size option)
)
\c@part=\count79
\c@section=\count80
\c@subsection=\count81
\c@subsubsection=\count82
\c@paragraph=\count83
\c@subparagraph=\count84
\c@figure=\count85
\c@table=\count86
\abovecaptionskip=\skip41
\belowcaptionskip=\skip42
\bibindent=\dimen102
)
(./An_exact_algorithm_to_identify_motifs_in_orthologous_sequences_from_multiple
_species.aux)
\openout1 = `An_exact_algorithm_to_identify_motifs_in_orthologous_sequences_fro
m_multiple_species.aux'.

LaTeX Font Info:    Checking defaults for OML/cmm/m/it on input line 8.
LaTeX Font Info:    ... okay on input line 8.
LaTeX Font Info:    Checking defaults for T1/cmr/m/n on input line 8.
LaTeX Font Info:    ... okay on input line 8.
LaTeX Font Info:    Checking defaults for OT1/cmr/m/n on input line 8.
LaTeX Font Info:    ... okay on input line 8.
LaTeX Font Info:    Checking defaults for OMS/cmsy/m/n on input line 8.
LaTeX Font Info:    ... okay on input line 8.
LaTeX Font Info:    Checking defaults for OMX/cmex/m/n on input line 8.
LaTeX Font Info:    ... okay on input line 8.
LaTeX Font Info:    Checking defaults for U/cmr/m/n on input line 8.
LaTeX Font Info:    ... okay on input line 8.
LaTeX Font Info:    External font `cmex10' loaded for size
(Font)              <12> on input line 10.
LaTeX Font Info:    External font `cmex10' loaded for size
(Font)              <8> on input line 10.
LaTeX Font Info:    External font `cmex10' loaded for size
(Font)              <6> on input line 10.
Missing character: There is no é in font cmr10!
Missing character: There is no ê in font cmr10!
Missing character: There is no é in font cmr10!
Missing character: There is no ó in font cmr10!
Missing character: There is no é in font cmr10!
Missing character: There is no ê in font cmr10!
Missing character: There is no é in font cmr10!
Missing character: There is no é in font cmr10!
Missing character: There is no ê in font cmr10!
Missing character: There is no ê in font cmr10!
Missing character: There is no é in font cmr10!
Missing character: There is no ê in font cmr10!
Missing character: There is no ú in font cmr10!
Missing character: There is no ã in font cmr10!
Missing character: There is no ú in font cmr10!
Missing character: There is no ã in font cmr10!
Missing character: There is no é in font cmr10!
Missing character: There is no ê in font cmr10!
Missing character: There is no é in font cmr10!
Missing character: There is no ã in font cmr10!
Missing character: There is no é in font cmr10!
Missing character: There is no ú in font cmr10!
Missing character: There is no é in font cmr10!
Missing character: There is no é in font cmr10!
Missing character: There is no é in font cmr10!
Missing character: There is no ó in font cmr10!
Missing character: There is no é in font cmr10!
 [1

]
(./An_exact_algorithm_to_identify_motifs_in_orthologous_sequences_from_multiple
_species.aux) ) 
Here is how much of TeX's memory you used:
 230 strings out of 94501
 3077 string characters out of 1176789
 49348 words of memory out of 1000000
 3473 multiletter control sequences out of 10000+50000
 7887 words of font info for 28 fonts, out of 500000 for 2000
 580 hyphenation exceptions out of 1000
 23i,4n,19p,724b,185s stack positions out of 1500i,500n,5000p,200000b,5000s

Output written on An_exact_algorithm_to_identify_motifs_in_orthologous_sequence
s_from_multiple_species.dvi (1 page, 1832 bytes).
