This is pdfTeX, Version 3.1415926-2.3-1.40.12 (MiKTeX 2.9 64-bit) (preloaded format=pdflatex 2011.5.9)  16 SEP 2011 17:23
entering extended mode
**Relatorio_Parcial_Josue.tex

("D:\Dropbox\TCC Estagio\Estagio\Estagio relatorio 4\Relatorio_Parcial_Josue.te
x"
LaTeX2e <2009/09/24>
Babel <v3.8l> and hyphenation patterns for english, afrikaans, ancientgreek, ar
abic, armenian, assamese, basque, bengali, bokmal, bulgarian, catalan, coptic, 
croatian, czech, danish, dutch, esperanto, estonian, farsi, finnish, french, ga
lician, german, german-x-2009-06-19, greek, gujarati, hindi, hungarian, iceland
ic, indonesian, interlingua, irish, italian, kannada, kurmanji, lao, latin, lat
vian, lithuanian, malayalam, marathi, mongolian, mongolianlmc, monogreek, ngerm
an, ngerman-x-2009-06-19, nynorsk, oriya, panjabi, pinyin, polish, portuguese, 
romanian, russian, sanskrit, serbian, slovak, slovenian, spanish, swedish, swis
sgerman, tamil, telugu, turkish, turkmen, ukenglish, ukrainian, uppersorbian, u
senglishmax, welsh, loaded.
("C:\Program Files\MiKTeX 2.9\tex\latex\abntex\abnt.cls"
("C:\Program Files\MiKTeX 2.9\tex\latex\abntex\cvs-id.def")
Document Class: abnt 2006/09/09 v1.32 Classe abnt (NBR6024, NBR6027, NBR6028, N
BR14724)
("C:\Program Files\MiKTeX 2.9\tex\latex\base\ifthen.sty"
Package: ifthen 2001/05/26 v1.1c Standard LaTeX ifthen package (DPC)
)
("C:\Program Files\MiKTeX 2.9\tex\latex\tools\calc.sty"
Package: calc 2007/08/22 v4.3 Infix arithmetic (KKT,FJ)
\calc@Acount=\count79
\calc@Bcount=\count80
\calc@Adimen=\dimen102
\calc@Bdimen=\dimen103
\calc@Askip=\skip41
\calc@Bskip=\skip42
LaTeX Info: Redefining \setlength on input line 76.
LaTeX Info: Redefining \addtolength on input line 77.
\calc@Ccount=\count81
\calc@Cskip=\skip43
)
("C:\Program Files\MiKTeX 2.9\tex\latex\tools\multicol.sty"
Package: multicol 2008/12/05 v1.6h multicolumn formatting (FMi)
\c@tracingmulticols=\count82
\mult@box=\box26
\multicol@leftmargin=\dimen104
\c@unbalance=\count83
\c@collectmore=\count84
\doublecol@number=\count85
\multicoltolerance=\count86
\multicolpretolerance=\count87
\full@width=\dimen105
\page@free=\dimen106
\premulticols=\dimen107
\postmulticols=\dimen108
\multicolsep=\skip44
\multicolbaselineskip=\skip45
\partial@page=\box27
\last@line=\box28
\mult@rightbox=\box29
\mult@grightbox=\box30
\mult@gfirstbox=\box31
\mult@firstbox=\box32
\@tempa=\box33
\@tempa=\box34
\@tempa=\box35
\@tempa=\box36
\@tempa=\box37
\@tempa=\box38
\@tempa=\box39
\@tempa=\box40
\@tempa=\box41
\@tempa=\box42
\@tempa=\box43
\@tempa=\box44
\@tempa=\box45
\@tempa=\box46
\@tempa=\box47
\@tempa=\box48
\@tempa=\box49
\c@columnbadness=\count88
\c@finalcolumnbadness=\count89
\last@try=\dimen109
\multicolovershoot=\dimen110
\multicolundershoot=\dimen111
\mult@nat@firstbox=\box50
\colbreak@box=\box51
)
("C:\Program Files\MiKTeX 2.9\tex\latex\abntex\abntex-abrev.sty"
("C:\Program Files\MiKTeX 2.9\tex\latex\abntex\cvs-id.def")
Package: abntex-abrev 2005/11/14 v1.4 Abreviacoes

("C:\Program Files\MiKTeX 2.9\tex\latex\abntex\nbr10522-1988.def"
("C:\Program Files\MiKTeX 2.9\tex\latex\abntex\cvs-id.def")
File: nbr10522-1988.def 2003/10/13 v1.2 Abreviacoes bibliograficas (NBR10522:19
88)
)
("C:\Program Files\MiKTeX 2.9\tex\latex\abntex\abntex-abrev-pt_BR.def"
("C:\Program Files\MiKTeX 2.9\tex\latex\abntex\cvs-id.def")
File: abntex-abrev-pt_BR.def 2005/11/14 v1.3 definicao de abntex-abrev, traduca
o de termos en_US/pt_BR
))
("C:\Program Files\MiKTeX 2.9\tex\latex\abntex\abntex-text.sty"
("C:\Program Files\MiKTeX 2.9\tex\latex\abntex\cvs-id.def")
Package: abntex-text 2005/11/14 v1.1 abnTeX text replacements

("C:\Program Files\MiKTeX 2.9\tex\latex\abntex\abntex-text-pt_BR.def"
("C:\Program Files\MiKTeX 2.9\tex\latex\abntex\cvs-id.def")
File: abntex-text-pt_BR.def 2005/12/21 v1.2 Definicao de nomes em Portugues/Bra
sil (pt_BR)
))
("C:\Program Files\MiKTeX 2.9\tex\latex\abntex\abntex-default-design.sty"
("C:\Program Files\MiKTeX 2.9\tex\latex\abntex\cvs-id.def")
Package: abntex-default-design 2005/06/22 v1.2 Definicoes de design padrao do a
bntex

("C:\Program Files\MiKTeX 2.9\tex\latex\ltxmisc\relsize.sty"
Package: relsize 2003/07/04 ver 3.1


Package relsize Warning: Failed to get list of font sizes.
(relsize)                Falling back to old definition. on input line 81.

)
\ABNTanapindent=\skip46
\ABNTsignwidth=\skip47
\ABNTsignthickness=\skip48
\ABNTsignskip=\skip49
) ("C:\Program Files\MiKTeX 2.9\tex\latex\abntex\nbr6027-1989.def")
("C:\Program Files\MiKTeX 2.9\tex\latex\abntex\nbr14724-2001.def")
("C:\Program Files\MiKTeX 2.9\tex\latex\base\report.cls"
Document Class: report 2007/10/19 v1.4h Standard LaTeX document class
("C:\Program Files\MiKTeX 2.9\tex\latex\base\size12.clo"
File: size12.clo 2007/10/19 v1.4h Standard LaTeX file (size option)
)
\c@part=\count90
\c@chapter=\count91
\c@section=\count92
\c@subsection=\count93
\c@subsubsection=\count94
\c@paragraph=\count95
\c@subparagraph=\count96
\c@figure=\count97
\c@table=\count98
\abovecaptionskip=\skip50
\belowcaptionskip=\skip51
\bibindent=\dimen112
)
("C:\Program Files\MiKTeX 2.9\tex\latex\setspace\setspace.sty"
Package: setspace 2000/12/01 6.7 Contributed and Supported LaTeX2e package

Package: `setspace' 6.7 <2000/12/01>
) ("C:\Program Files\MiKTeX 2.9\tex\latex\psnfss\mathptmx.sty"
Package: mathptmx 2005/04/12 PSNFSS-v9.2a Times w/ Math, improved (SPQR, WaS) 
LaTeX Font Info:    Redeclaring symbol font `operators' on input line 28.
LaTeX Font Info:    Overwriting symbol font `operators' in version `normal'
(Font)                  OT1/cmr/m/n --> OT1/ztmcm/m/n on input line 28.
LaTeX Font Info:    Overwriting symbol font `operators' in version `bold'
(Font)                  OT1/cmr/bx/n --> OT1/ztmcm/m/n on input line 28.
LaTeX Font Info:    Redeclaring symbol font `letters' on input line 29.
LaTeX Font Info:    Overwriting symbol font `letters' in version `normal'
(Font)                  OML/cmm/m/it --> OML/ztmcm/m/it on input line 29.
LaTeX Font Info:    Overwriting symbol font `letters' in version `bold'
(Font)                  OML/cmm/b/it --> OML/ztmcm/m/it on input line 29.
LaTeX Font Info:    Redeclaring symbol font `symbols' on input line 30.
LaTeX Font Info:    Overwriting symbol font `symbols' in version `normal'
(Font)                  OMS/cmsy/m/n --> OMS/ztmcm/m/n on input line 30.
LaTeX Font Info:    Overwriting symbol font `symbols' in version `bold'
(Font)                  OMS/cmsy/b/n --> OMS/ztmcm/m/n on input line 30.
LaTeX Font Info:    Redeclaring symbol font `largesymbols' on input line 31.
LaTeX Font Info:    Overwriting symbol font `largesymbols' in version `normal'
(Font)                  OMX/cmex/m/n --> OMX/ztmcm/m/n on input line 31.
LaTeX Font Info:    Overwriting symbol font `largesymbols' in version `bold'
(Font)                  OMX/cmex/m/n --> OMX/ztmcm/m/n on input line 31.
\symbold=\mathgroup4
\symitalic=\mathgroup5
LaTeX Font Info:    Redeclaring math alphabet \mathbf on input line 34.
LaTeX Font Info:    Overwriting math alphabet `\mathbf' in version `normal'
(Font)                  OT1/cmr/bx/n --> OT1/ptm/bx/n on input line 34.
LaTeX Font Info:    Overwriting math alphabet `\mathbf' in version `bold'
(Font)                  OT1/cmr/bx/n --> OT1/ptm/bx/n on input line 34.
LaTeX Font Info:    Redeclaring math alphabet \mathit on input line 35.
LaTeX Font Info:    Overwriting math alphabet `\mathit' in version `normal'
(Font)                  OT1/cmr/m/it --> OT1/ptm/m/it on input line 35.
LaTeX Font Info:    Overwriting math alphabet `\mathit' in version `bold'
(Font)                  OT1/cmr/bx/it --> OT1/ptm/m/it on input line 35.
LaTeX Info: Redefining \hbar on input line 50.
)
("C:\Program Files\MiKTeX 2.9\tex\latex\psnfss\helvet.sty"
Package: helvet 2005/04/12 PSNFSS-v9.2a (WaS) 

("C:\Program Files\MiKTeX 2.9\tex\latex\graphics\keyval.sty"
Package: keyval 1999/03/16 v1.13 key=value parser (DPC)
\KV@toks@=\toks14
))
("C:\Program Files\MiKTeX 2.9\tex\latex\tools\indentfirst.sty"
Package: indentfirst 1995/11/23 v1.03 Indent first paragraph (DPC)
))
("C:\Program Files\MiKTeX 2.9\tex\latex\base\inputenc.sty"
Package: inputenc 2008/03/30 v1.1d Input encoding file
\inpenc@prehook=\toks15
\inpenc@posthook=\toks16

("C:\Program Files\MiKTeX 2.9\tex\latex\unicode\utf8x.def"
File: utf8x.def 2004/10/17 UCS: Input encoding UTF-8
))
("C:\Program Files\MiKTeX 2.9\tex\latex\unicode\ucs.sty"
Package: ucs 2004/10/17 UCS: Unicode input support

("C:\Program Files\MiKTeX 2.9\tex\latex\unicode\data\uni-global.def"
File: uni-global.def 2004/10/17 UCS: Unicode global data
)
\uc@secondtry=\count99
\uc@combtoks=\toks17
\uc@combtoksb=\toks18
\uc@temptokena=\toks19
)
("C:\Program Files\MiKTeX 2.9\tex\latex\caption\caption2.sty"
Package: caption2 2008/07/01 v2.2c Customising captions (AS)


Package caption2 Warning: ****************************************************
(caption2)                THIS PACKAGE IS OBSOLETE:
(caption2)                This package attempts to provide an `caption2'
(caption2)                package v2.0/2.1 author environment so that OLD
(caption2)                documents can be successfully processed. It should
(caption2)                NOT be used for NEW documents! New documents should
(caption2)                use the regular `caption' package v3.x instead.
(caption2)                ****************************************************

("C:\Program Files\MiKTeX 2.9\tex\latex\caption\caption3.sty"
Package: caption3 2010/01/14 v3.1m caption3 kernel (AR)
\captionmargin=\dimen113
\captionmargin@=\dimen114
\captionwidth=\dimen115
\caption@indent=\dimen116
\caption@parindent=\dimen117
\caption@hangindent=\dimen118
)
Package caption2 Info: Running in caption2 v2.0 compatibility mode on input lin
e 209.
\captionlinewidth=\dimen119
\realcaptionwidth=\dimen120
)
("C:\Program Files\MiKTeX 2.9\tex\generic\babel\babel.sty"
Package: babel 2008/07/06 v3.8l The Babel package

*************************************
* Local config file bblopts.cfg used
*
("C:\Program Files\MiKTeX 2.9\tex\latex\00miktex\bblopts.cfg"
File: bblopts.cfg 2006/07/31 v1.0 MiKTeX 'babel' configuration
)
("C:\Program Files\MiKTeX 2.9\tex\generic\babel\portuges.ldf"
Language: portuges 2008/03/18 v1.2q Portuguese support from the babel system

("C:\Program Files\MiKTeX 2.9\tex\generic\babel\babel.def"
File: babel.def 2008/07/06 v3.8l Babel common definitions
\babel@savecnt=\count100
\U@D=\dimen121
)
\l@brazil = a dialect from \language\l@portuges 
Package babel Info: Making " an active character on input line 145.
))
("C:\Program Files\MiKTeX 2.9\tex\latex\graphics\graphicx.sty"
Package: graphicx 1999/02/16 v1.0f Enhanced LaTeX Graphics (DPC,SPQR)

("C:\Program Files\MiKTeX 2.9\tex\latex\graphics\graphics.sty"
Package: graphics 2009/02/05 v1.0o Standard LaTeX Graphics (DPC,SPQR)

("C:\Program Files\MiKTeX 2.9\tex\latex\graphics\trig.sty"
Package: trig 1999/03/16 v1.09 sin cos tan (DPC)
)
("C:\Program Files\MiKTeX 2.9\tex\latex\00miktex\graphics.cfg"
File: graphics.cfg 2007/01/18 v1.5 graphics configuration of teTeX/TeXLive
)
Package graphics Info: Driver file: pdftex.def on input line 91.

("C:\Program Files\MiKTeX 2.9\tex\latex\pdftex-def\pdftex.def"
File: pdftex.def 2011/04/25 v0.06b Graphics/color for pdfTeX

("C:\Program Files\MiKTeX 2.9\tex\generic\oberdiek\infwarerr.sty"
Package: infwarerr 2010/04/08 v1.3 Providing info/warning/message (HO)
)
("C:\Program Files\MiKTeX 2.9\tex\generic\oberdiek\ltxcmds.sty"
Package: ltxcmds 2011/04/18 v1.20 LaTeX kernel commands for general use (HO)
)
\Gread@gobject=\count101
))
\Gin@req@height=\dimen122
\Gin@req@width=\dimen123
)
("C:\Program Files\MiKTeX 2.9\tex\latex\ae\ae.sty"
Package: ae 2001/02/12 1.3 Almost European Computer Modern

("C:\Program Files\MiKTeX 2.9\tex\latex\base\fontenc.sty"
Package: fontenc 2005/09/27 v1.99g Standard LaTeX package

("C:\Program Files\MiKTeX 2.9\tex\latex\base\t1enc.def"
File: t1enc.def 2005/09/27 v1.99g Standard LaTeX file
LaTeX Font Info:    Redeclaring font encoding T1 on input line 43.
)
LaTeX Font Info:    Try loading font information for T1+aer on input line 100.

("C:\Program Files\MiKTeX 2.9\tex\latex\ae\t1aer.fd"
File: t1aer.fd 1997/11/16 Font definitions for T1/aer.
)))
("C:\Program Files\MiKTeX 2.9\tex\latex\hyperref\hyperref.sty"
Package: hyperref 2011/04/17 v6.82g Hypertext links for LaTeX

("C:\Program Files\MiKTeX 2.9\tex\generic\oberdiek\hobsub-hyperref.sty"
Package: hobsub-hyperref 2011/04/23 v1.4 Bundle oberdiek, subset hyperref (HO)

("C:\Program Files\MiKTeX 2.9\tex\generic\oberdiek\hobsub-generic.sty"
Package: hobsub-generic 2011/04/23 v1.4 Bundle oberdiek, subset generic (HO)
Package: hobsub 2011/04/23 v1.4 Subsetting bundle oberdiek (HO)
Package hobsub Info: Skipping package `infwarerr' (already loaded).
Package hobsub Info: Skipping package `ltxcmds' (already loaded).
Package: ifluatex 2010/03/01 v1.3 Provides the ifluatex switch (HO)
Package ifluatex Info: LuaTeX not detected.
Package: ifvtex 2010/03/01 v1.5 Switches for detecting VTeX and its modes (HO)
Package ifvtex Info: VTeX not detected.
Package: intcalc 2007/09/27 v1.1 Expandable integer calculations (HO)
Package: ifpdf 2011/01/30 v2.3 Provides the ifpdf switch (HO)
Package ifpdf Info: pdfTeX in PDF mode is detected.
Package: etexcmds 2011/02/16 v1.5 Prefix for e-TeX command names (HO)
Package etexcmds Info: Could not find \expanded.
(etexcmds)             That can mean that you are not using pdfTeX 1.50 or
(etexcmds)             that some package has redefined \expanded.
(etexcmds)             In the latter case, load this package earlier.
Package: kvsetkeys 2011/04/07 v1.13 Key value parser (HO)
Package: kvdefinekeys 2011/04/07 v1.3 Defining keys (HO)
Package: pdftexcmds 2011/04/22 v0.16 Utilities of pdfTeX for LuaTeX (HO)
Package pdftexcmds Info: LuaTeX not detected.
Package pdftexcmds Info: \pdf@primitive is available.
Package pdftexcmds Info: \pdf@ifprimitive is available.
Package pdftexcmds Info: \pdfdraftmode found.
Package: pdfescape 2011/04/04 v1.12 Provides string conversions (HO)
Package: bigintcalc 2011/01/30 v1.2 Expandable big integer calculations (HO)
Package: bitset 2011/01/30 v1.1 Data type bit set (HO)
Package: uniquecounter 2011/01/30 v1.2 Provides unlimited unique counter (HO)
)
Package hobsub Info: Skipping package `hobsub' (already loaded).
Package: letltxmacro 2010/09/02 v1.4 Let assignment for LaTeX macros (HO)
Package: hopatch 2011/01/30 v1.0 Wrapper for package hooks (HO)
Package: xcolor-patch 2011/01/30 xcolor patch
Package: atveryend 2011/04/23 v1.7 Hooks at very end of document (HO)
Package atveryend Info: \enddocument detected (standard).
Package: atbegshi 2011/01/30 v1.15 At begin shipout hook (HO)
Package: refcount 2010/12/01 v3.2 Data extraction from references (HO)
Package: hycolor 2011/01/30 v1.7 Color options of hyperref/bookmark (HO)
)
("C:\Program Files\MiKTeX 2.9\tex\generic\ifxetex\ifxetex.sty"
Package: ifxetex 2010/09/12 v0.6 Provides ifxetex conditional
)
("C:\Program Files\MiKTeX 2.9\tex\latex\oberdiek\kvoptions.sty"
Package: kvoptions 2010/12/23 v3.10 Keyval support for LaTeX options (HO)
)
\@linkdim=\dimen124
\Hy@linkcounter=\count102
\Hy@pagecounter=\count103

("C:\Program Files\MiKTeX 2.9\tex\latex\hyperref\pd1enc.def"
File: pd1enc.def 2011/04/17 v6.82g Hyperref: PDFDocEncoding definition (HO)
)
\Hy@SavedSpaceFactor=\count104

("C:\Program Files\MiKTeX 2.9\tex\latex\00miktex\hyperref.cfg"
File: hyperref.cfg 2002/06/06 v1.2 hyperref configuration of TeXLive
)
Package hyperref Info: Hyper figures OFF on input line 4026.
Package hyperref Info: Link nesting OFF on input line 4031.
Package hyperref Info: Hyper index ON on input line 4034.
Package hyperref Info: Plain pages OFF on input line 4041.
Package hyperref Info: Backreferencing OFF on input line 4046.
Package hyperref Info: Implicit mode ON; LaTeX internals redefined.
Package hyperref Info: Bookmarks ON on input line 4264.
\c@Hy@tempcnt=\count105

("C:\Program Files\MiKTeX 2.9\tex\latex\ltxmisc\url.sty"
\Urlmuskip=\muskip10
Package: url 2006/04/12  ver 3.3  Verb mode for urls, etc.
)
LaTeX Info: Redefining \url on input line 4617.
\Fld@menulength=\count106
\Field@Width=\dimen125
\Fld@charsize=\dimen126
Package hyperref Info: Hyper figures OFF on input line 5701.
Package hyperref Info: Link nesting OFF on input line 5706.
Package hyperref Info: Hyper index ON on input line 5709.
Package hyperref Info: backreferencing OFF on input line 5716.
Package hyperref Info: Link coloring OFF on input line 5721.
Package hyperref Info: Link coloring with OCG OFF on input line 5726.
Package hyperref Info: PDF/A mode OFF on input line 5731.
LaTeX Info: Redefining \ref on input line 5771.
LaTeX Info: Redefining \pageref on input line 5775.
\Hy@abspage=\count107
\c@Item=\count108
\c@Hfootnote=\count109
)

Package hyperref Message: Driver (autodetected): hpdftex.

("C:\Program Files\MiKTeX 2.9\tex\latex\hyperref\hpdftex.def"
File: hpdftex.def 2011/04/17 v6.82g Hyperref driver for pdfTeX
\Fld@listcount=\count110
\c@bookmark@seq@number=\count111

("C:\Program Files\MiKTeX 2.9\tex\latex\oberdiek\rerunfilecheck.sty"
Package: rerunfilecheck 2011/04/15 v1.7 Rerun checks for auxiliary files (HO)
Package uniquecounter Info: New unique counter `rerunfilecheck' on input line 2
82.
)
\Hy@SectionHShift=\skip52
)
("C:\Program Files\MiKTeX 2.9\tex\latex\graphics\lscape.sty"
Package: lscape 2000/10/22 v3.01 Landscape Pages (DPC)
)
("C:\Program Files\MiKTeX 2.9\tex\latex\multirow\multirow.sty"
\bigstrutjot=\dimen127
)
("D:\Dropbox\TCC Estagio\Estagio\Estagio relatorio 4\Relatorio_Parcial_Josue.au
x" ("D:\Dropbox\TCC Estagio\Estagio\Estagio relatorio 4\capa.aux")
("D:\Dropbox\TCC Estagio\Estagio\Estagio relatorio 4\introducao.aux")
("D:\Dropbox\TCC Estagio\Estagio\Estagio relatorio 4\sequencias.aux")
("D:\Dropbox\TCC Estagio\Estagio\Estagio relatorio 4\modelagem_seq.aux"))
LaTeX Font Info:    Checking defaults for OML/cmm/m/it on input line 20.
LaTeX Font Info:    ... okay on input line 20.
LaTeX Font Info:    Checking defaults for T1/cmr/m/n on input line 20.
LaTeX Font Info:    ... okay on input line 20.
LaTeX Font Info:    Checking defaults for OT1/cmr/m/n on input line 20.
LaTeX Font Info:    ... okay on input line 20.
LaTeX Font Info:    Checking defaults for OMS/cmsy/m/n on input line 20.
LaTeX Font Info:    ... okay on input line 20.
LaTeX Font Info:    Checking defaults for OMX/cmex/m/n on input line 20.
LaTeX Font Info:    ... okay on input line 20.
LaTeX Font Info:    Checking defaults for U/cmr/m/n on input line 20.
LaTeX Font Info:    ... okay on input line 20.
LaTeX Font Info:    Checking defaults for PD1/pdf/m/n on input line 20.
LaTeX Font Info:    ... okay on input line 20.
LaTeX Font Info:    Try loading font information for T1+aess on input line 20.

("C:\Program Files\MiKTeX 2.9\tex\latex\ae\t1aess.fd"
File: t1aess.fd 1997/11/16 Font definitions for T1/aess.
)
\big@size=\dimen128

("C:\Program Files\MiKTeX 2.9\tex\latex\unicode\ucsencs.def"
File: ucsencs.def 2003/11/29 Fixes to fontencodings LGR, T3
)
Package caption Info: Begin \AtBeginDocument code.
Package caption Info: End \AtBeginDocument code.

("C:\Program Files\MiKTeX 2.9\tex\context\base\supp-pdf.mkii"
[Loading MPS to PDF converter (version 2006.09.02).]
\scratchcounter=\count112
\scratchdimen=\dimen129
\scratchbox=\box52
\nofMPsegments=\count113
\nofMParguments=\count114
\everyMPshowfont=\toks20
\MPscratchCnt=\count115
\MPscratchDim=\dimen130
\MPnumerator=\count116
\everyMPtoPDFconversion=\toks21
)
\AtBeginShipoutBox=\box53
Package hyperref Info: Link coloring OFF on input line 20.
 ("C:\Program Files\MiKTeX 2.9\tex\latex\hyperref\nameref.sty"
Package: nameref 2010/04/30 v2.40 Cross-referencing by name of section

("C:\Program Files\MiKTeX 2.9\tex\generic\oberdiek\gettitlestring.sty"
Package: gettitlestring 2010/12/03 v1.4 Cleanup title references (HO)
)
\c@section@level=\count117
)
LaTeX Info: Redefining \ref on input line 20.
LaTeX Info: Redefining \pageref on input line 20.
LaTeX Info: Redefining \nameref on input line 20.

("D:\Dropbox\TCC Estagio\Estagio\Estagio relatorio 4\Relatorio_Parcial_Josue.ou
t")
("D:\Dropbox\TCC Estagio\Estagio\Estagio relatorio 4\Relatorio_Parcial_Josue.ou
t")
\@outlinefile=\write3
 ("D:\Dropbox\TCC Estagio\Estagio\Estagio relatorio 4\capa.tex"
("C:\Program Files\MiKTeX 2.9\tex\latex\unicode\data\uni-0.def"
File: uni-0.def 2004/10/17 UCS: Unicode data U+0000..U+00FF
)
LaTeX Font Info:    Try loading font information for OT1+ztmcm on input line 11
.

("C:\Program Files\MiKTeX 2.9\tex\latex\psnfss\ot1ztmcm.fd"
File: ot1ztmcm.fd 2000/01/03 Fontinst v1.801 font definitions for OT1/ztmcm.
)
LaTeX Font Info:    Try loading font information for OML+ztmcm on input line 11
.

("C:\Program Files\MiKTeX 2.9\tex\latex\psnfss\omlztmcm.fd"
File: omlztmcm.fd 2000/01/03 Fontinst v1.801 font definitions for OML/ztmcm.
)
LaTeX Font Info:    Try loading font information for OMS+ztmcm on input line 11
.

("C:\Program Files\MiKTeX 2.9\tex\latex\psnfss\omsztmcm.fd"
File: omsztmcm.fd 2000/01/03 Fontinst v1.801 font definitions for OMS/ztmcm.
)
LaTeX Font Info:    Try loading font information for OMX+ztmcm on input line 11
.

("C:\Program Files\MiKTeX 2.9\tex\latex\psnfss\omxztmcm.fd"
File: omxztmcm.fd 2000/01/03 Fontinst v1.801 font definitions for OMX/ztmcm.
)
LaTeX Font Info:    Try loading font information for OT1+ptm on input line 11.

("C:\Program Files\MiKTeX 2.9\tex\latex\psnfss\ot1ptm.fd"
File: ot1ptm.fd 2001/06/04 font definitions for OT1/ptm.
)
LaTeX Font Info:    Font shape `OT1/ptm/bx/n' in size <12> not available
(Font)              Font shape `OT1/ptm/b/n' tried instead on input line 11.
LaTeX Font Info:    Font shape `OT1/ptm/bx/n' in size <9> not available
(Font)              Font shape `OT1/ptm/b/n' tried instead on input line 11.
LaTeX Font Info:    Font shape `OT1/ptm/bx/n' in size <7> not available
(Font)              Font shape `OT1/ptm/b/n' tried instead on input line 11.
) [1


{C:/ProgramData/MiKTeX/2.9/pdftex/config/pdftex.map}]

LaTeX Font Warning: Font shape `T1/aess/bx/it' undefined
(Font)              using `T1/aess/bx/n' instead on input line 23.


("D:\Dropbox\TCC Estagio\Estagio\Estagio relatorio 4\Relatorio_Parcial_Josue.to
c")
\tf@toc=\write4
pdfTeX warning (ext4): destination with the same identifier (name{page.}) has b
een already used, duplicate ignored
<to be read again> 
                   \relax 
l.23 \tableofcontents
                      [2


]
("D:\Dropbox\TCC Estagio\Estagio\Estagio relatorio 4\introducao.tex"
Cap\'{\i }tulo 1.
LaTeX Font Info:    Try loading font information for OMS+aess on input line 10.

LaTeX Font Info:    No file OMSaess.fd. on input line 10.

LaTeX Font Warning: Font shape `OMS/aess/m/n' undefined
(Font)              using `OMS/cmsy/m/n' instead
(Font)              for symbol `textbullet' on input line 10.

LaTeX Font Info:    Font shape `T1/aess/m/it' in size <12> not available
(Font)              Font shape `T1/aess/m/sl' tried instead on input line 18.

Overfull \hbox (1.95203pt too wide) in paragraph at lines 20--21
\T1/aess/m/n/12 trans-cri-ção na ex-pres-são e res-pos-tas da cé-lula. Es-tu-do
s como de [[]], 
 []

[3



]) [4] ("D:\Dropbox\TCC Estagio\Estagio\Estagio relatorio 4\sequencias.tex")
[5


] ("D:\Dropbox\TCC Estagio\Estagio\Estagio relatorio 4\modelagem_seq.tex"
Cap\'{\i }tulo 2.

LaTeX Warning: Command \^ invalid in math mode on input line 11.

Missing character: There is no â in font zptmcm7t!
[6



]
Overfull \hbox (7.2509pt too wide) in paragraph at lines 19--20
[]\T1/aess/m/n/12 O Oligo-Analysis é um mé-todo de-sen-vol-vido por [[]],
 []


Overfull \hbox (10.4103pt too wide) in paragraph at lines 19--20
\T1/aess/m/n/12 foi pro-je-tado para de-tec-tar oli-go-nu-cle-o-tí-dio (pe-que-
nos se-gui-men-tos de DNA) sobre-representados,
 []

[7] [8] [9] <./imagens/MotifAlgo2.png, id=134, 548.0475pt x 270.00874pt>
File: ./imagens/MotifAlgo2.png Graphic file (type png)

<use ./imagens/MotifAlgo2.png>
Package pdftex.def Info: ./imagens/MotifAlgo2.png used on input line 103.
(pdftex.def)             Requested size: 383.63063pt x 189.00482pt.

<./imagens/DNA.png, id=138, 587.19376pt x 230.8625pt>
File: ./imagens/DNA.png Graphic file (type png)
 <use ./imagens/DNA.png>
Package pdftex.def Info: ./imagens/DNA.png used on input line 113.
(pdftex.def)             Requested size: 411.03282pt x 161.60263pt.

<./imagens/exe_seq.png, id=139, 672.5125pt x 261.97874pt>
File: ./imagens/exe_seq.png Graphic file (type png)

<use ./imagens/exe_seq.png>
Package pdftex.def Info: ./imagens/exe_seq.png used on input line 121.
(pdftex.def)             Requested size: 470.75554pt x 183.38387pt.

Overfull \hbox (15.51143pt too wide) in paragraph at lines 121--122
 [][] 
 []

[10 <D:/Dropbox/TCC Estagio/Estagio/Estagio relatorio 4/imagens/MotifAlgo2.png>
] <./imagens/MotifAlgo.png, id=151, 436.63126pt x 166.6225pt>
File: ./imagens/MotifAlgo.png Graphic file (type png)

<use ./imagens/MotifAlgo.png>
Package pdftex.def Info: ./imagens/MotifAlgo.png used on input line 130.
(pdftex.def)             Requested size: 305.63979pt x 116.63495pt.

<./imagens/KmerPrefix.png, id=153, 628.3475pt x 375.4025pt>
File: ./imagens/KmerPrefix.png Graphic file (type png)

<use ./imagens/KmerPrefix.png>
Package pdftex.def Info: ./imagens/KmerPrefix.png used on input line 139.
(pdftex.def)             Requested size: 439.84026pt x 262.77995pt.
 [11 <D:/Dropbox/TCC Estagio/Estagio/Estagio relatorio 4/imagens/DNA.png> <D:/D
ropbox/TCC Estagio/Estagio/Estagio relatorio 4/imagens/exe_seq.png (PNG copy)>]
 [12 <D:/Dropbox/TCC Estagio/Estagio/Estagio relatorio 4/imagens/MotifAlgo.png>
 <D:/Dropbox/TCC Estagio/Estagio/Estagio relatorio 4/imagens/KmerPrefix.png>]
<./imagens/MedianString.png, id=168, 328.22626pt x 122.4575pt>
File: ./imagens/MedianString.png Graphic file (type png)

<use ./imagens/MedianString.png>
Package pdftex.def Info: ./imagens/MedianString.png used on input line 149.
(pdftex.def)             Requested size: 229.7568pt x 85.71965pt.

<./imagens/OligoAnalysis.png, id=170, 421.575pt x 138.5175pt>
File: ./imagens/OligoAnalysis.png Graphic file (type png)

<use ./imagens/OligoAnalysis.png>
Package pdftex.def Info: ./imagens/OligoAnalysis.png used on input line 160.
(pdftex.def)             Requested size: 295.10048pt x 96.96158pt.
 [13 <D:/Dropbox/TCC Estagio/Estagio/Estagio relatorio 4/imagens/MedianString.p
ng> <D:/Dropbox/TCC Estagio/Estagio/Estagio relatorio 4/imagens/OligoAnalysis.p
ng>]
<./imagens/HexDiff.png, id=180, 497.86pt x 380.42125pt>
File: ./imagens/HexDiff.png Graphic file (type png)

<use ./imagens/HexDiff.png>
Package pdftex.def Info: ./imagens/HexDiff.png used on input line 170.
(pdftex.def)             Requested size: 348.49962pt x 266.29305pt.
) [14 <D:/Dropbox/TCC Estagio/Estagio/Estagio relatorio 4/imagens/HexDiff.png>]

("D:\Dropbox\TCC Estagio\Estagio\Estagio relatorio 4\Relatorio_Parcial_Josue.bb
l"
Underfull \hbox (badness 1132) in paragraph at lines 10--16
[]\T1/aess/m/n/12 BIGELOW, H. et al. Ci-sOrtho: A pro-gram pi-pe-line for genom
e-
 []


Underfull \hbox (badness 1325) in paragraph at lines 10--16
\T1/aess/m/sl/12 BMC Bi-oin-for-ma-tics\T1/aess/m/n/12 , v. 5, n. 1, p. 27+, 20
04. ISSN 1471-2105. Dis-po-ní-vel em:
 []


Underfull \hbox (badness 1735) in paragraph at lines 34--38
[]\T1/aess/m/n/12 EWENS, W. J.; GRANT, G. R. \T1/aess/m/sl/12 Sta-tis[t]ical me
thods in bi-oin-
 []


Underfull \hbox (badness 10000) in paragraph at lines 34--38
\T1/aess/m/n/12 Dis-po-ní-vel em: $\OML/ztmcm/m/it/12 <$\T1/aess/m/n/12 http://
www.amazon.com/exec/obidos/redirect?tag=citeulike07-
 []


Underfull \hbox (badness 7832) in paragraph at lines 62--66
[]\T1/aess/m/n/12 JONES, N. C.; PEVZ-NER, P. \T1/aess/m/sl/12 An in-tro-duc-tio
n to bi-oin-
 []


Underfull \hbox (badness 7649) in paragraph at lines 62--66
\T1/aess/m/sl/12 for-ma-tics al-go-rithms\T1/aess/m/n/12 . MIT Press, 2004. ISB
N 9780262101066. Dis-po-ní-vel em:
 []


Underfull \hbox (badness 5231) in paragraph at lines 77--82
\T1/aess/m/n/12 cis-Regulatory ele-ments in plant cell sig-na-ling. \T1/aess/m/
sl/12 Cur-rent Opi-nion in Plant Bi-o-
 []


Underfull \hbox (badness 5077) in paragraph at lines 77--82
\T1/aess/m/sl/12 logy\T1/aess/m/n/12 , v. 12, n. 5, p. 643--649, out. 2009. ISS
N 13695266. Dis-po-ní-vel em:
 []

[15


]
Underfull \hbox (badness 2753) in paragraph at lines 92--94
[]\T1/aess/m/n/12 WALENZ, B.; FLO-REA, L. \T1/aess/m/sl/12 Meryl\T1/aess/m/n/12
 . jul. 2011. Dis-po-ní-vel em:
 []

)
+-------------------------------------------------------------------+
| Comentario, sugestao ou critica sobre o abnTeX? Entre em contato: |
|                  http://abntex.codigolivre.org.br                 |
+-------------------------------------------------------------------+
Package atveryend Info: Empty hook `BeforeClearDocument' on input line 33.
[16]
Package atveryend Info: Empty hook `AfterLastShipout' on input line 33.

("D:\Dropbox\TCC Estagio\Estagio\Estagio relatorio 4\Relatorio_Parcial_Josue.au
x" ("D:\Dropbox\TCC Estagio\Estagio\Estagio relatorio 4\capa.aux")
("D:\Dropbox\TCC Estagio\Estagio\Estagio relatorio 4\introducao.aux")
("D:\Dropbox\TCC Estagio\Estagio\Estagio relatorio 4\sequencias.aux")
("D:\Dropbox\TCC Estagio\Estagio\Estagio relatorio 4\modelagem_seq.aux"))
Package atveryend Info: Executing hook `AtVeryEndDocument' on input line 33.
Package atveryend Info: Executing hook `AtEndAfterFileList' on input line 33.
Package rerunfilecheck Info: File `Relatorio_Parcial_Josue.out' has not changed
.
(rerunfilecheck)             Checksum: 91CC7AF0CC79F70466076D6503238F0E;540.


LaTeX Font Warning: Some font shapes were not available, defaults substituted.

Package atveryend Info: Empty hook `AtVeryVeryEnd' on input line 33.
 ) 
Here is how much of TeX's memory you used:
 7868 strings out of 494049
 118895 string characters out of 3148484
 203726 words of memory out of 3000000
 10863 multiletter control sequences out of 15000+200000
 41941 words of font info for 86 fonts, out of 3000000 for 9000
 715 hyphenation exceptions out of 8191
 36i,6n,41p,1761b,539s stack positions out of 5000i,500n,10000p,200000b,50000s
{C:/Program Files/MiKTeX 2.9/fonts/enc/dvips/fontname/8r.enc}<C:/Program File
s/MiKTeX 2.9/fonts/type1/public/amsfonts/cm/cmmi10.pfb><C:/Program Files/MiKTeX
 2.9/fonts/type1/public/amsfonts/cm/cmr10.pfb><C:/Program Files/MiKTeX 2.9/font
s/type1/public/amsfonts/cm/cmss10.pfb><C:/Program Files/MiKTeX 2.9/fonts/type1/
public/amsfonts/cm/cmss12.pfb><C:/Program Files/MiKTeX 2.9/fonts/type1/public/a
msfonts/cm/cmssbx10.pfb><C:/Program Files/MiKTeX 2.9/fonts/type1/public/amsfont
s/cm/cmssi12.pfb><C:/Program Files/MiKTeX 2.9/fonts/type1/public/amsfonts/cm/cm
sy10.pfb><C:/Program Files/MiKTeX 2.9/fonts/type1/urw/symbol/usyr.pfb><C:/Progr
am Files/MiKTeX 2.9/fonts/type1/urw/times/utmr8a.pfb><C:/Program Files/MiKTeX 2
.9/fonts/type1/urw/times/utmri8a.pfb>
Output written on Relatorio_Parcial_Josue.pdf (16 pages, 225628 bytes).
PDF statistics:
 242 PDF objects out of 1000 (max. 8388607)
 55 named destinations out of 1000 (max. 500000)
 105 words of extra memory for PDF output out of 10000 (max. 10000000)

