This is pdfTeX, Version 3.1415926-2.3-1.40.12 (MiKTeX 2.9 64-bit) (preloaded format=pdflatex 2011.5.9)  17 OCT 2011 21:39
entering extended mode
**tcc-josue-vitorino-2011.tex
("D:\Dropbox\TCC Estagio\TCC\TCC\tcc-josue-vitorino-2011.tex"
LaTeX2e <2009/09/24>
Babel <v3.8l> and hyphenation patterns for english, afrikaans, ancientgreek, ar
abic, armenian, assamese, basque, bengali, bokmal, bulgarian, catalan, coptic, 
croatian, czech, danish, dutch, esperanto, estonian, farsi, finnish, french, ga
lician, german, german-x-2009-06-19, greek, gujarati, hindi, hungarian, iceland
ic, indonesian, interlingua, irish, italian, kannada, kurmanji, lao, latin, lat
vian, lithuanian, malayalam, marathi, mongolian, mongolianlmc, monogreek, ngerm
an, ngerman-x-2009-06-19, nynorsk, oriya, panjabi, pinyin, polish, portuguese, 
romanian, russian, sanskrit, serbian, slovak, slovenian, spanish, swedish, swis
sgerman, tamil, telugu, turkish, turkmen, ukenglish, ukrainian, uppersorbian, u
senglishmax, welsh, loaded.
("C:\Program Files\MiKTeX 2.9\tex\latex\abntex\abnt.cls"
("C:\Program Files\MiKTeX 2.9\tex\latex\abntex\cvs-id.def")
Document Class: abnt 2006/09/09 v1.32 Classe abnt (NBR6024, NBR6027, NBR6028, N
BR14724)
("C:\Program Files\MiKTeX 2.9\tex\latex\base\ifthen.sty"
Package: ifthen 2001/05/26 v1.1c Standard LaTeX ifthen package (DPC)
)
("C:\Program Files\MiKTeX 2.9\tex\latex\tools\calc.sty"
Package: calc 2007/08/22 v4.3 Infix arithmetic (KKT,FJ)
\calc@Acount=\count79
\calc@Bcount=\count80
\calc@Adimen=\dimen102
\calc@Bdimen=\dimen103
\calc@Askip=\skip41
\calc@Bskip=\skip42
LaTeX Info: Redefining \setlength on input line 76.
LaTeX Info: Redefining \addtolength on input line 77.
\calc@Ccount=\count81
\calc@Cskip=\skip43
)
("C:\Program Files\MiKTeX 2.9\tex\latex\tools\multicol.sty"
Package: multicol 2008/12/05 v1.6h multicolumn formatting (FMi)
\c@tracingmulticols=\count82
\mult@box=\box26
\multicol@leftmargin=\dimen104
\c@unbalance=\count83
\c@collectmore=\count84
\doublecol@number=\count85
\multicoltolerance=\count86
\multicolpretolerance=\count87
\full@width=\dimen105
\page@free=\dimen106
\premulticols=\dimen107
\postmulticols=\dimen108
\multicolsep=\skip44
\multicolbaselineskip=\skip45
\partial@page=\box27
\last@line=\box28
\mult@rightbox=\box29
\mult@grightbox=\box30
\mult@gfirstbox=\box31
\mult@firstbox=\box32
\@tempa=\box33
\@tempa=\box34
\@tempa=\box35
\@tempa=\box36
\@tempa=\box37
\@tempa=\box38
\@tempa=\box39
\@tempa=\box40
\@tempa=\box41
\@tempa=\box42
\@tempa=\box43
\@tempa=\box44
\@tempa=\box45
\@tempa=\box46
\@tempa=\box47
\@tempa=\box48
\@tempa=\box49
\c@columnbadness=\count88
\c@finalcolumnbadness=\count89
\last@try=\dimen109
\multicolovershoot=\dimen110
\multicolundershoot=\dimen111
\mult@nat@firstbox=\box50
\colbreak@box=\box51
)
("C:\Program Files\MiKTeX 2.9\tex\latex\abntex\abntex-abrev.sty"
("C:\Program Files\MiKTeX 2.9\tex\latex\abntex\cvs-id.def")
Package: abntex-abrev 2005/11/14 v1.4 Abreviacoes

("C:\Program Files\MiKTeX 2.9\tex\latex\abntex\nbr10522-1988.def"
("C:\Program Files\MiKTeX 2.9\tex\latex\abntex\cvs-id.def")
File: nbr10522-1988.def 2003/10/13 v1.2 Abreviacoes bibliograficas (NBR10522:19
88)
)
("C:\Program Files\MiKTeX 2.9\tex\latex\abntex\abntex-abrev-pt_BR.def"
("C:\Program Files\MiKTeX 2.9\tex\latex\abntex\cvs-id.def")
File: abntex-abrev-pt_BR.def 2005/11/14 v1.3 definicao de abntex-abrev, traduca
o de termos en_US/pt_BR
))
("C:\Program Files\MiKTeX 2.9\tex\latex\abntex\abntex-text.sty"
("C:\Program Files\MiKTeX 2.9\tex\latex\abntex\cvs-id.def")
Package: abntex-text 2005/11/14 v1.1 abnTeX text replacements

("C:\Program Files\MiKTeX 2.9\tex\latex\abntex\abntex-text-pt_BR.def"
("C:\Program Files\MiKTeX 2.9\tex\latex\abntex\cvs-id.def")
File: abntex-text-pt_BR.def 2005/12/21 v1.2 Definicao de nomes em Portugues/Bra
sil (pt_BR)
))
("C:\Program Files\MiKTeX 2.9\tex\latex\abntex\abntex-default-design.sty"
("C:\Program Files\MiKTeX 2.9\tex\latex\abntex\cvs-id.def")
Package: abntex-default-design 2005/06/22 v1.2 Definicoes de design padrao do a
bntex

("C:\Program Files\MiKTeX 2.9\tex\latex\ltxmisc\relsize.sty"
Package: relsize 2003/07/04 ver 3.1


Package relsize Warning: Failed to get list of font sizes.
(relsize)                Falling back to old definition. on input line 81.

)
\ABNTanapindent=\skip46
\ABNTsignwidth=\skip47
\ABNTsignthickness=\skip48
\ABNTsignskip=\skip49
) ("C:\Program Files\MiKTeX 2.9\tex\latex\abntex\nbr6027-1989.def")
("C:\Program Files\MiKTeX 2.9\tex\latex\abntex\nbr14724-2001.def")
("C:\Program Files\MiKTeX 2.9\tex\latex\base\report.cls"
Document Class: report 2007/10/19 v1.4h Standard LaTeX document class
("C:\Program Files\MiKTeX 2.9\tex\latex\base\size12.clo"
File: size12.clo 2007/10/19 v1.4h Standard LaTeX file (size option)
)
\c@part=\count90
\c@chapter=\count91
\c@section=\count92
\c@subsection=\count93
\c@subsubsection=\count94
\c@paragraph=\count95
\c@subparagraph=\count96
\c@figure=\count97
\c@table=\count98
\abovecaptionskip=\skip50
\belowcaptionskip=\skip51
\bibindent=\dimen112
)
("C:\Program Files\MiKTeX 2.9\tex\latex\setspace\setspace.sty"
Package: setspace 2000/12/01 6.7 Contributed and Supported LaTeX2e package

Package: `setspace' 6.7 <2000/12/01>
) ("C:\Program Files\MiKTeX 2.9\tex\latex\psnfss\mathptmx.sty"
Package: mathptmx 2005/04/12 PSNFSS-v9.2a Times w/ Math, improved (SPQR, WaS) 
LaTeX Font Info:    Redeclaring symbol font `operators' on input line 28.
LaTeX Font Info:    Overwriting symbol font `operators' in version `normal'
(Font)                  OT1/cmr/m/n --> OT1/ztmcm/m/n on input line 28.
LaTeX Font Info:    Overwriting symbol font `operators' in version `bold'
(Font)                  OT1/cmr/bx/n --> OT1/ztmcm/m/n on input line 28.
LaTeX Font Info:    Redeclaring symbol font `letters' on input line 29.
LaTeX Font Info:    Overwriting symbol font `letters' in version `normal'
(Font)                  OML/cmm/m/it --> OML/ztmcm/m/it on input line 29.
LaTeX Font Info:    Overwriting symbol font `letters' in version `bold'
(Font)                  OML/cmm/b/it --> OML/ztmcm/m/it on input line 29.
LaTeX Font Info:    Redeclaring symbol font `symbols' on input line 30.
LaTeX Font Info:    Overwriting symbol font `symbols' in version `normal'
(Font)                  OMS/cmsy/m/n --> OMS/ztmcm/m/n on input line 30.
LaTeX Font Info:    Overwriting symbol font `symbols' in version `bold'
(Font)                  OMS/cmsy/b/n --> OMS/ztmcm/m/n on input line 30.
LaTeX Font Info:    Redeclaring symbol font `largesymbols' on input line 31.
LaTeX Font Info:    Overwriting symbol font `largesymbols' in version `normal'
(Font)                  OMX/cmex/m/n --> OMX/ztmcm/m/n on input line 31.
LaTeX Font Info:    Overwriting symbol font `largesymbols' in version `bold'
(Font)                  OMX/cmex/m/n --> OMX/ztmcm/m/n on input line 31.
\symbold=\mathgroup4
\symitalic=\mathgroup5
LaTeX Font Info:    Redeclaring math alphabet \mathbf on input line 34.
LaTeX Font Info:    Overwriting math alphabet `\mathbf' in version `normal'
(Font)                  OT1/cmr/bx/n --> OT1/ptm/bx/n on input line 34.
LaTeX Font Info:    Overwriting math alphabet `\mathbf' in version `bold'
(Font)                  OT1/cmr/bx/n --> OT1/ptm/bx/n on input line 34.
LaTeX Font Info:    Redeclaring math alphabet \mathit on input line 35.
LaTeX Font Info:    Overwriting math alphabet `\mathit' in version `normal'
(Font)                  OT1/cmr/m/it --> OT1/ptm/m/it on input line 35.
LaTeX Font Info:    Overwriting math alphabet `\mathit' in version `bold'
(Font)                  OT1/cmr/bx/it --> OT1/ptm/m/it on input line 35.
LaTeX Info: Redefining \hbar on input line 50.
)
("C:\Program Files\MiKTeX 2.9\tex\latex\psnfss\helvet.sty"
Package: helvet 2005/04/12 PSNFSS-v9.2a (WaS) 

("C:\Program Files\MiKTeX 2.9\tex\latex\graphics\keyval.sty"
Package: keyval 1999/03/16 v1.13 key=value parser (DPC)
\KV@toks@=\toks14
))
("C:\Program Files\MiKTeX 2.9\tex\latex\tools\indentfirst.sty"
Package: indentfirst 1995/11/23 v1.03 Indent first paragraph (DPC)
))
("C:\Program Files\MiKTeX 2.9\tex\latex\hyperref\hyperref.sty"
Package: hyperref 2011/04/17 v6.82g Hypertext links for LaTeX

("C:\Program Files\MiKTeX 2.9\tex\generic\oberdiek\hobsub-hyperref.sty"
Package: hobsub-hyperref 2011/04/23 v1.4 Bundle oberdiek, subset hyperref (HO)

("C:\Program Files\MiKTeX 2.9\tex\generic\oberdiek\hobsub-generic.sty"
Package: hobsub-generic 2011/04/23 v1.4 Bundle oberdiek, subset generic (HO)
Package: hobsub 2011/04/23 v1.4 Subsetting bundle oberdiek (HO)
Package: infwarerr 2010/04/08 v1.3 Providing info/warning/message (HO)
Package: ltxcmds 2011/04/18 v1.20 LaTeX kernel commands for general use (HO)
Package: ifluatex 2010/03/01 v1.3 Provides the ifluatex switch (HO)
Package ifluatex Info: LuaTeX not detected.
Package: ifvtex 2010/03/01 v1.5 Switches for detecting VTeX and its modes (HO)
Package ifvtex Info: VTeX not detected.
Package: intcalc 2007/09/27 v1.1 Expandable integer calculations (HO)
Package: ifpdf 2011/01/30 v2.3 Provides the ifpdf switch (HO)
Package ifpdf Info: pdfTeX in PDF mode is detected.
Package: etexcmds 2011/02/16 v1.5 Prefix for e-TeX command names (HO)
Package etexcmds Info: Could not find \expanded.
(etexcmds)             That can mean that you are not using pdfTeX 1.50 or
(etexcmds)             that some package has redefined \expanded.
(etexcmds)             In the latter case, load this package earlier.
Package: kvsetkeys 2011/04/07 v1.13 Key value parser (HO)
Package: kvdefinekeys 2011/04/07 v1.3 Defining keys (HO)
Package: pdftexcmds 2011/04/22 v0.16 Utilities of pdfTeX for LuaTeX (HO)
Package pdftexcmds Info: LuaTeX not detected.
Package pdftexcmds Info: \pdf@primitive is available.
Package pdftexcmds Info: \pdf@ifprimitive is available.
Package pdftexcmds Info: \pdfdraftmode found.
Package: pdfescape 2011/04/04 v1.12 Provides string conversions (HO)
Package: bigintcalc 2011/01/30 v1.2 Expandable big integer calculations (HO)
Package: bitset 2011/01/30 v1.1 Data type bit set (HO)
Package: uniquecounter 2011/01/30 v1.2 Provides unlimited unique counter (HO)
)
Package hobsub Info: Skipping package `hobsub' (already loaded).
Package: letltxmacro 2010/09/02 v1.4 Let assignment for LaTeX macros (HO)
Package: hopatch 2011/01/30 v1.0 Wrapper for package hooks (HO)
Package: xcolor-patch 2011/01/30 xcolor patch
Package: atveryend 2011/04/23 v1.7 Hooks at very end of document (HO)
Package atveryend Info: \enddocument detected (standard).
Package: atbegshi 2011/01/30 v1.15 At begin shipout hook (HO)
Package: refcount 2010/12/01 v3.2 Data extraction from references (HO)
Package: hycolor 2011/01/30 v1.7 Color options of hyperref/bookmark (HO)
)
("C:\Program Files\MiKTeX 2.9\tex\generic\ifxetex\ifxetex.sty"
Package: ifxetex 2010/09/12 v0.6 Provides ifxetex conditional
)
("C:\Program Files\MiKTeX 2.9\tex\latex\oberdiek\kvoptions.sty"
Package: kvoptions 2010/12/23 v3.10 Keyval support for LaTeX options (HO)
)
\@linkdim=\dimen113
\Hy@linkcounter=\count99
\Hy@pagecounter=\count100

("C:\Program Files\MiKTeX 2.9\tex\latex\hyperref\pd1enc.def"
File: pd1enc.def 2011/04/17 v6.82g Hyperref: PDFDocEncoding definition (HO)
)
\Hy@SavedSpaceFactor=\count101

("C:\Program Files\MiKTeX 2.9\tex\latex\00miktex\hyperref.cfg"
File: hyperref.cfg 2002/06/06 v1.2 hyperref configuration of TeXLive
)
Package hyperref Info: Hyper figures OFF on input line 4026.
Package hyperref Info: Link nesting OFF on input line 4031.
Package hyperref Info: Hyper index ON on input line 4034.
Package hyperref Info: Plain pages OFF on input line 4041.
Package hyperref Info: Backreferencing OFF on input line 4046.
Package hyperref Info: Implicit mode ON; LaTeX internals redefined.
Package hyperref Info: Bookmarks ON on input line 4264.
\c@Hy@tempcnt=\count102

("C:\Program Files\MiKTeX 2.9\tex\latex\ltxmisc\url.sty"
\Urlmuskip=\muskip10
Package: url 2006/04/12  ver 3.3  Verb mode for urls, etc.
)
LaTeX Info: Redefining \url on input line 4617.
\Fld@menulength=\count103
\Field@Width=\dimen114
\Fld@charsize=\dimen115
Package hyperref Info: Hyper figures OFF on input line 5701.
Package hyperref Info: Link nesting OFF on input line 5706.
Package hyperref Info: Hyper index ON on input line 5709.
Package hyperref Info: backreferencing OFF on input line 5716.
Package hyperref Info: Link coloring OFF on input line 5721.
Package hyperref Info: Link coloring with OCG OFF on input line 5726.
Package hyperref Info: PDF/A mode OFF on input line 5731.
LaTeX Info: Redefining \ref on input line 5771.
LaTeX Info: Redefining \pageref on input line 5775.
\Hy@abspage=\count104
\c@Item=\count105
\c@Hfootnote=\count106
)

Package hyperref Message: Driver (autodetected): hpdftex.

("C:\Program Files\MiKTeX 2.9\tex\latex\hyperref\hpdftex.def"
File: hpdftex.def 2011/04/17 v6.82g Hyperref driver for pdfTeX
\Fld@listcount=\count107
\c@bookmark@seq@number=\count108

("C:\Program Files\MiKTeX 2.9\tex\latex\oberdiek\rerunfilecheck.sty"
Package: rerunfilecheck 2011/04/15 v1.7 Rerun checks for auxiliary files (HO)
Package uniquecounter Info: New unique counter `rerunfilecheck' on input line 2
82.
)
\Hy@SectionHShift=\skip52
)
("C:\Program Files\MiKTeX 2.9\tex\latex\base\inputenc.sty"
Package: inputenc 2008/03/30 v1.1d Input encoding file
\inpenc@prehook=\toks15
\inpenc@posthook=\toks16

("C:\Program Files\MiKTeX 2.9\tex\latex\base\utf8.def"
File: utf8.def 2008/04/05 v1.1m UTF-8 support for inputenc
Now handling font encoding OML ...
... no UTF-8 mapping file for font encoding OML
Now handling font encoding T1 ...
... processing UTF-8 mapping file for font encoding T1

("C:\Program Files\MiKTeX 2.9\tex\latex\base\t1enc.dfu"
File: t1enc.dfu 2008/04/05 v1.1m UTF-8 support for inputenc
   defining Unicode char U+00A1 (decimal 161)
   defining Unicode char U+00A3 (decimal 163)
   defining Unicode char U+00AB (decimal 171)
   defining Unicode char U+00BB (decimal 187)
   defining Unicode char U+00BF (decimal 191)
   defining Unicode char U+00C0 (decimal 192)
   defining Unicode char U+00C1 (decimal 193)
   defining Unicode char U+00C2 (decimal 194)
   defining Unicode char U+00C3 (decimal 195)
   defining Unicode char U+00C4 (decimal 196)
   defining Unicode char U+00C5 (decimal 197)
   defining Unicode char U+00C6 (decimal 198)
   defining Unicode char U+00C7 (decimal 199)
   defining Unicode char U+00C8 (decimal 200)
   defining Unicode char U+00C9 (decimal 201)
   defining Unicode char U+00CA (decimal 202)
   defining Unicode char U+00CB (decimal 203)
   defining Unicode char U+00CC (decimal 204)
   defining Unicode char U+00CD (decimal 205)
   defining Unicode char U+00CE (decimal 206)
   defining Unicode char U+00CF (decimal 207)
   defining Unicode char U+00D0 (decimal 208)
   defining Unicode char U+00D1 (decimal 209)
   defining Unicode char U+00D2 (decimal 210)
   defining Unicode char U+00D3 (decimal 211)
   defining Unicode char U+00D4 (decimal 212)
   defining Unicode char U+00D5 (decimal 213)
   defining Unicode char U+00D6 (decimal 214)
   defining Unicode char U+00D8 (decimal 216)
   defining Unicode char U+00D9 (decimal 217)
   defining Unicode char U+00DA (decimal 218)
   defining Unicode char U+00DB (decimal 219)
   defining Unicode char U+00DC (decimal 220)
   defining Unicode char U+00DD (decimal 221)
   defining Unicode char U+00DE (decimal 222)
   defining Unicode char U+00DF (decimal 223)
   defining Unicode char U+00E0 (decimal 224)
   defining Unicode char U+00E1 (decimal 225)
   defining Unicode char U+00E2 (decimal 226)
   defining Unicode char U+00E3 (decimal 227)
   defining Unicode char U+00E4 (decimal 228)
   defining Unicode char U+00E5 (decimal 229)
   defining Unicode char U+00E6 (decimal 230)
   defining Unicode char U+00E7 (decimal 231)
   defining Unicode char U+00E8 (decimal 232)
   defining Unicode char U+00E9 (decimal 233)
   defining Unicode char U+00EA (decimal 234)
   defining Unicode char U+00EB (decimal 235)
   defining Unicode char U+00EC (decimal 236)
   defining Unicode char U+00ED (decimal 237)
   defining Unicode char U+00EE (decimal 238)
   defining Unicode char U+00EF (decimal 239)
   defining Unicode char U+00F0 (decimal 240)
   defining Unicode char U+00F1 (decimal 241)
   defining Unicode char U+00F2 (decimal 242)
   defining Unicode char U+00F3 (decimal 243)
   defining Unicode char U+00F4 (decimal 244)
   defining Unicode char U+00F5 (decimal 245)
   defining Unicode char U+00F6 (decimal 246)
   defining Unicode char U+00F8 (decimal 248)
   defining Unicode char U+00F9 (decimal 249)
   defining Unicode char U+00FA (decimal 250)
   defining Unicode char U+00FB (decimal 251)
   defining Unicode char U+00FC (decimal 252)
   defining Unicode char U+00FD (decimal 253)
   defining Unicode char U+00FE (decimal 254)
   defining Unicode char U+00FF (decimal 255)
   defining Unicode char U+0102 (decimal 258)
   defining Unicode char U+0103 (decimal 259)
   defining Unicode char U+0104 (decimal 260)
   defining Unicode char U+0105 (decimal 261)
   defining Unicode char U+0106 (decimal 262)
   defining Unicode char U+0107 (decimal 263)
   defining Unicode char U+010C (decimal 268)
   defining Unicode char U+010D (decimal 269)
   defining Unicode char U+010E (decimal 270)
   defining Unicode char U+010F (decimal 271)
   defining Unicode char U+0110 (decimal 272)
   defining Unicode char U+0111 (decimal 273)
   defining Unicode char U+0118 (decimal 280)
   defining Unicode char U+0119 (decimal 281)
   defining Unicode char U+011A (decimal 282)
   defining Unicode char U+011B (decimal 283)
   defining Unicode char U+011E (decimal 286)
   defining Unicode char U+011F (decimal 287)
   defining Unicode char U+0130 (decimal 304)
   defining Unicode char U+0131 (decimal 305)
   defining Unicode char U+0132 (decimal 306)
   defining Unicode char U+0133 (decimal 307)
   defining Unicode char U+0139 (decimal 313)
   defining Unicode char U+013A (decimal 314)
   defining Unicode char U+013D (decimal 317)
   defining Unicode char U+013E (decimal 318)
   defining Unicode char U+0141 (decimal 321)
   defining Unicode char U+0142 (decimal 322)
   defining Unicode char U+0143 (decimal 323)
   defining Unicode char U+0144 (decimal 324)
   defining Unicode char U+0147 (decimal 327)
   defining Unicode char U+0148 (decimal 328)
   defining Unicode char U+014A (decimal 330)
   defining Unicode char U+014B (decimal 331)
   defining Unicode char U+0150 (decimal 336)
   defining Unicode char U+0151 (decimal 337)
   defining Unicode char U+0152 (decimal 338)
   defining Unicode char U+0153 (decimal 339)
   defining Unicode char U+0154 (decimal 340)
   defining Unicode char U+0155 (decimal 341)
   defining Unicode char U+0158 (decimal 344)
   defining Unicode char U+0159 (decimal 345)
   defining Unicode char U+015A (decimal 346)
   defining Unicode char U+015B (decimal 347)
   defining Unicode char U+015E (decimal 350)
   defining Unicode char U+015F (decimal 351)
   defining Unicode char U+0160 (decimal 352)
   defining Unicode char U+0161 (decimal 353)
   defining Unicode char U+0162 (decimal 354)
   defining Unicode char U+0163 (decimal 355)
   defining Unicode char U+0164 (decimal 356)
   defining Unicode char U+0165 (decimal 357)
   defining Unicode char U+016E (decimal 366)
   defining Unicode char U+016F (decimal 367)
   defining Unicode char U+0170 (decimal 368)
   defining Unicode char U+0171 (decimal 369)
   defining Unicode char U+0178 (decimal 376)
   defining Unicode char U+0179 (decimal 377)
   defining Unicode char U+017A (decimal 378)
   defining Unicode char U+017B (decimal 379)
   defining Unicode char U+017C (decimal 380)
   defining Unicode char U+017D (decimal 381)
   defining Unicode char U+017E (decimal 382)
   defining Unicode char U+200C (decimal 8204)
   defining Unicode char U+2013 (decimal 8211)
   defining Unicode char U+2014 (decimal 8212)
   defining Unicode char U+2018 (decimal 8216)
   defining Unicode char U+2019 (decimal 8217)
   defining Unicode char U+201A (decimal 8218)
   defining Unicode char U+201C (decimal 8220)
   defining Unicode char U+201D (decimal 8221)
   defining Unicode char U+201E (decimal 8222)
   defining Unicode char U+2030 (decimal 8240)
   defining Unicode char U+2031 (decimal 8241)
   defining Unicode char U+2039 (decimal 8249)
   defining Unicode char U+203A (decimal 8250)
   defining Unicode char U+2423 (decimal 9251)
)
Now handling font encoding OT1 ...
... processing UTF-8 mapping file for font encoding OT1

("C:\Program Files\MiKTeX 2.9\tex\latex\base\ot1enc.dfu"
File: ot1enc.dfu 2008/04/05 v1.1m UTF-8 support for inputenc
   defining Unicode char U+00A1 (decimal 161)
   defining Unicode char U+00A3 (decimal 163)
   defining Unicode char U+00B8 (decimal 184)
   defining Unicode char U+00BF (decimal 191)
   defining Unicode char U+00C5 (decimal 197)
   defining Unicode char U+00C6 (decimal 198)
   defining Unicode char U+00D8 (decimal 216)
   defining Unicode char U+00DF (decimal 223)
   defining Unicode char U+00E6 (decimal 230)
   defining Unicode char U+00EC (decimal 236)
   defining Unicode char U+00ED (decimal 237)
   defining Unicode char U+00EE (decimal 238)
   defining Unicode char U+00EF (decimal 239)
   defining Unicode char U+00F8 (decimal 248)
   defining Unicode char U+0131 (decimal 305)
   defining Unicode char U+0141 (decimal 321)
   defining Unicode char U+0142 (decimal 322)
   defining Unicode char U+0152 (decimal 338)
   defining Unicode char U+0153 (decimal 339)
   defining Unicode char U+2013 (decimal 8211)
   defining Unicode char U+2014 (decimal 8212)
   defining Unicode char U+2018 (decimal 8216)
   defining Unicode char U+2019 (decimal 8217)
   defining Unicode char U+201C (decimal 8220)
   defining Unicode char U+201D (decimal 8221)
)
Now handling font encoding OMS ...
... processing UTF-8 mapping file for font encoding OMS

("C:\Program Files\MiKTeX 2.9\tex\latex\base\omsenc.dfu"
File: omsenc.dfu 2008/04/05 v1.1m UTF-8 support for inputenc
   defining Unicode char U+00A7 (decimal 167)
   defining Unicode char U+00B6 (decimal 182)
   defining Unicode char U+00B7 (decimal 183)
   defining Unicode char U+2020 (decimal 8224)
   defining Unicode char U+2021 (decimal 8225)
   defining Unicode char U+2022 (decimal 8226)
)
Now handling font encoding OMX ...
... no UTF-8 mapping file for font encoding OMX
Now handling font encoding U ...
... no UTF-8 mapping file for font encoding U
Now handling font encoding PD1 ...
... no UTF-8 mapping file for font encoding PD1
   defining Unicode char U+00A9 (decimal 169)
   defining Unicode char U+00AA (decimal 170)
   defining Unicode char U+00AE (decimal 174)
   defining Unicode char U+00BA (decimal 186)
   defining Unicode char U+02C6 (decimal 710)
   defining Unicode char U+02DC (decimal 732)
   defining Unicode char U+200C (decimal 8204)
   defining Unicode char U+2026 (decimal 8230)
   defining Unicode char U+2122 (decimal 8482)
   defining Unicode char U+2423 (decimal 9251)
))
("C:\Program Files\MiKTeX 2.9\tex\latex\caption\caption2.sty"
Package: caption2 2008/07/01 v2.2c Customising captions (AS)


Package caption2 Warning: ****************************************************
(caption2)                THIS PACKAGE IS OBSOLETE:
(caption2)                This package attempts to provide an `caption2'
(caption2)                package v2.0/2.1 author environment so that OLD
(caption2)                documents can be successfully processed. It should
(caption2)                NOT be used for NEW documents! New documents should
(caption2)                use the regular `caption' package v3.x instead.
(caption2)                ****************************************************

("C:\Program Files\MiKTeX 2.9\tex\latex\caption\caption3.sty"
Package: caption3 2010/01/14 v3.1m caption3 kernel (AR)
\captionmargin=\dimen116
\captionmargin@=\dimen117
\captionwidth=\dimen118
\caption@indent=\dimen119
\caption@parindent=\dimen120
\caption@hangindent=\dimen121
)
Package caption2 Info: Running in caption2 v2.0 compatibility mode on input lin
e 209.
\captionlinewidth=\dimen122
\realcaptionwidth=\dimen123
)
("C:\Program Files\MiKTeX 2.9\tex\generic\babel\babel.sty"
Package: babel 2008/07/06 v3.8l The Babel package

*************************************
* Local config file bblopts.cfg used
*
("C:\Program Files\MiKTeX 2.9\tex\latex\00miktex\bblopts.cfg"
File: bblopts.cfg 2006/07/31 v1.0 MiKTeX 'babel' configuration
)
("C:\Program Files\MiKTeX 2.9\tex\generic\babel\portuges.ldf"
Language: portuges 2008/03/18 v1.2q Portuguese support from the babel system

("C:\Program Files\MiKTeX 2.9\tex\generic\babel\babel.def"
File: babel.def 2008/07/06 v3.8l Babel common definitions
\babel@savecnt=\count109
\U@D=\dimen124
)
\l@brazil = a dialect from \language\l@portuges 
Package babel Info: Making " an active character on input line 145.
))
("C:\Program Files\MiKTeX 2.9\tex\latex\base\fontenc.sty"
Package: fontenc 2005/09/27 v1.99g Standard LaTeX package

("C:\Program Files\MiKTeX 2.9\tex\latex\base\t1enc.def"
File: t1enc.def 2005/09/27 v1.99g Standard LaTeX file
LaTeX Font Info:    Redeclaring font encoding T1 on input line 43.
))
("C:\Program Files\MiKTeX 2.9\tex\latex\subfigure\subfigure.sty"
Package: subfigure 2002/07/30 v2.1.4 subfigure package
\subfigtopskip=\skip53
\subfigcapskip=\skip54
\subfigcaptopadj=\dimen125
\subfigbottomskip=\skip55
\subfigcapmargin=\dimen126
\subfiglabelskip=\skip56
\c@subfigure=\count110
\c@lofdepth=\count111
\c@subtable=\count112
\c@lotdepth=\count113

****************************************
* Local config file subfigure.cfg used *
****************************************
("C:\Program Files\MiKTeX 2.9\tex\latex\subfigure\subfigure.cfg")
\subfig@top=\skip57
\subfig@bottom=\skip58
)
("C:\Program Files\MiKTeX 2.9\tex\latex\graphics\graphicx.sty"
Package: graphicx 1999/02/16 v1.0f Enhanced LaTeX Graphics (DPC,SPQR)

("C:\Program Files\MiKTeX 2.9\tex\latex\graphics\graphics.sty"
Package: graphics 2009/02/05 v1.0o Standard LaTeX Graphics (DPC,SPQR)

("C:\Program Files\MiKTeX 2.9\tex\latex\graphics\trig.sty"
Package: trig 1999/03/16 v1.09 sin cos tan (DPC)
)
("C:\Program Files\MiKTeX 2.9\tex\latex\00miktex\graphics.cfg"
File: graphics.cfg 2007/01/18 v1.5 graphics configuration of teTeX/TeXLive
)
Package graphics Info: Driver file: pdftex.def on input line 91.

("C:\Program Files\MiKTeX 2.9\tex\latex\pdftex-def\pdftex.def"
File: pdftex.def 2011/04/25 v0.06b Graphics/color for pdfTeX
\Gread@gobject=\count114
))
\Gin@req@height=\dimen127
\Gin@req@width=\dimen128
)
("C:\Program Files\MiKTeX 2.9\tex\latex\abntex\abnt-alf.sty"
Package: abnt-alf 2002/06/24

("C:\Program Files\MiKTeX 2.9\tex\latex\abntex\abntcite.sty"
("C:\Program Files\MiKTeX 2.9\tex\latex\abntex\cvs-id.def")
Package: abntcite 2006/04/25 v1.30 Chamadas de referencias no texto (NBR10520, 
NBR10522)
\minimumbiblabelwidth=\skip59
\ABCIauxlen=\skip60
\c@ABCIaux=\count115
\c@ABCImax=\count116

("C:\Program Files\MiKTeX 2.9\tex\latex\abntex\nbr10520-2002.def"
("C:\Program Files\MiKTeX 2.9\tex\latex\abntex\cvs-id.def")
File: nbr10520-2002.def 2006/04/25 v1.4 Definicoes para abntcite (NBR10520:2002
)
)
\biblabelsep=\skip61
LaTeX Info: Redefining \newblock on input line 466.
LaTeX Info: Redefining \cite on input line 493.
\ABCItoken=\toks17
))
("C:\Program Files\MiKTeX 2.9\tex\latex\base\latexsym.sty"
Package: latexsym 1998/08/17 v2.2e Standard LaTeX package (lasy symbols)
\symlasy=\mathgroup6
LaTeX Font Info:    Overwriting symbol font `lasy' in version `bold'
(Font)                  U/lasy/m/n --> U/lasy/b/n on input line 47.
)
("C:\Program Files\MiKTeX 2.9\tex\latex\multirow\multirow.sty"
\bigstrutjot=\dimen129
)
("C:\Program Files\MiKTeX 2.9\tex\latex\float\float.sty"
Package: float 2001/11/08 v1.3d Float enhancements (AL)
\c@float@type=\count117
\float@exts=\toks18
\float@box=\box52
\@float@everytoks=\toks19
\@floatcapt=\box53
)
("C:\Program Files\MiKTeX 2.9\tex\latex\tools\longtable.sty"
Package: longtable 2004/02/01 v4.11 Multi-page Table package (DPC)
\LTleft=\skip62
\LTright=\skip63
\LTpre=\skip64
\LTpost=\skip65
\LTchunksize=\count118
\LTcapwidth=\dimen130
\LT@head=\box54
\LT@firsthead=\box55
\LT@foot=\box56
\LT@lastfoot=\box57
\LT@cols=\count119
\LT@rows=\count120
\c@LT@tables=\count121
\c@LT@chunks=\count122
\LT@p@ftn=\toks20
)
("C:\Program Files\MiKTeX 2.9\tex\latex\ams\math\amsmath.sty"
Package: amsmath 2000/07/18 v2.13 AMS math features
\@mathmargin=\skip66

For additional information on amsmath, use the `?' option.
("C:\Program Files\MiKTeX 2.9\tex\latex\ams\math\amstext.sty"
Package: amstext 2000/06/29 v2.01

("C:\Program Files\MiKTeX 2.9\tex\latex\ams\math\amsgen.sty"
File: amsgen.sty 1999/11/30 v2.0
\@emptytoks=\toks21
\ex@=\dimen131
))
("C:\Program Files\MiKTeX 2.9\tex\latex\ams\math\amsbsy.sty"
Package: amsbsy 1999/11/29 v1.2d
\pmbraise@=\dimen132
)
("C:\Program Files\MiKTeX 2.9\tex\latex\ams\math\amsopn.sty"
Package: amsopn 1999/12/14 v2.01 operator names
)
\inf@bad=\count123
LaTeX Info: Redefining \frac on input line 211.
\uproot@=\count124
\leftroot@=\count125
LaTeX Info: Redefining \overline on input line 307.
\classnum@=\count126
\DOTSCASE@=\count127
LaTeX Info: Redefining \ldots on input line 379.
LaTeX Info: Redefining \dots on input line 382.
LaTeX Info: Redefining \cdots on input line 467.
\Mathstrutbox@=\box58
\strutbox@=\box59
\big@size=\dimen133
LaTeX Font Info:    Redeclaring font encoding OML on input line 567.
LaTeX Font Info:    Redeclaring font encoding OMS on input line 568.
\macc@depth=\count128
\c@MaxMatrixCols=\count129
\dotsspace@=\muskip11
\c@parentequation=\count130
\dspbrk@lvl=\count131
\tag@help=\toks22
\row@=\count132
\column@=\count133
\maxfields@=\count134
\andhelp@=\toks23
\eqnshift@=\dimen134
\alignsep@=\dimen135
\tagshift@=\dimen136
\tagwidth@=\dimen137
\totwidth@=\dimen138
\lineht@=\dimen139
\@envbody=\toks24
\multlinegap=\skip67
\multlinetaggap=\skip68
\mathdisplay@stack=\toks25
LaTeX Info: Redefining \[ on input line 2666.
LaTeX Info: Redefining \] on input line 2667.
)
("C:\Program Files\MiKTeX 2.9\tex\latex\tools\tabularx.sty"
Package: tabularx 1999/01/07 v2.07 `tabularx' package (DPC)

("C:\Program Files\MiKTeX 2.9\tex\latex\tools\array.sty"
Package: array 2008/09/09 v2.4c Tabular extension package (FMi)
\col@sep=\dimen140
\extrarowheight=\dimen141
\NC@list=\toks26
\extratabsurround=\skip69
\backup@length=\skip70
)
\TX@col@width=\dimen142
\TX@old@table=\dimen143
\TX@old@col=\dimen144
\TX@target=\dimen145
\TX@delta=\dimen146
\TX@cols=\count135
\TX@ftn=\toks27
)
("D:\Dropbox\TCC Estagio\TCC\TCC\tcc-josue-vitorino-2011.aux"
("D:\Dropbox\TCC Estagio\TCC\TCC\arquivos\biologica.aux")
("D:\Dropbox\TCC Estagio\TCC\TCC\arquivos\revisao.aux"))
LaTeX Font Info:    Checking defaults for OML/cmm/m/it on input line 26.
LaTeX Font Info:    ... okay on input line 26.
LaTeX Font Info:    Checking defaults for T1/cmr/m/n on input line 26.
LaTeX Font Info:    ... okay on input line 26.
LaTeX Font Info:    Checking defaults for OT1/cmr/m/n on input line 26.
LaTeX Font Info:    ... okay on input line 26.
LaTeX Font Info:    Checking defaults for OMS/cmsy/m/n on input line 26.
LaTeX Font Info:    ... okay on input line 26.
LaTeX Font Info:    Checking defaults for OMX/cmex/m/n on input line 26.
LaTeX Font Info:    ... okay on input line 26.
LaTeX Font Info:    Checking defaults for U/cmr/m/n on input line 26.
LaTeX Font Info:    ... okay on input line 26.
LaTeX Font Info:    Checking defaults for PD1/pdf/m/n on input line 26.
LaTeX Font Info:    ... okay on input line 26.
LaTeX Font Info:    Try loading font information for T1+ptm on input line 26.

("C:\Program Files\MiKTeX 2.9\tex\latex\psnfss\t1ptm.fd"
File: t1ptm.fd 2001/06/04 font definitions for T1/ptm.
)
\AtBeginShipoutBox=\box60
Package hyperref Info: Link coloring OFF on input line 26.

("C:\Program Files\MiKTeX 2.9\tex\latex\hyperref\nameref.sty"
Package: nameref 2010/04/30 v2.40 Cross-referencing by name of section

("C:\Program Files\MiKTeX 2.9\tex\generic\oberdiek\gettitlestring.sty"
Package: gettitlestring 2010/12/03 v1.4 Cleanup title references (HO)
)
\c@section@level=\count136
)
LaTeX Info: Redefining \ref on input line 26.
LaTeX Info: Redefining \pageref on input line 26.
LaTeX Info: Redefining \nameref on input line 26.

("D:\Dropbox\TCC Estagio\TCC\TCC\tcc-josue-vitorino-2011.out")
("D:\Dropbox\TCC Estagio\TCC\TCC\tcc-josue-vitorino-2011.out")
\@outlinefile=\write3
Package caption Info: Begin \AtBeginDocument code.
Package caption Info: End \AtBeginDocument code.

("C:\Program Files\MiKTeX 2.9\tex\context\base\supp-pdf.mkii"
[Loading MPS to PDF converter (version 2006.09.02).]
\scratchcounter=\count137
\scratchdimen=\dimen147
\scratchbox=\box61
\nofMPsegments=\count138
\nofMParguments=\count139
\everyMPshowfont=\toks28
\MPscratchCnt=\count140
\MPscratchDim=\dimen148
\MPnumerator=\count141
\everyMPtoPDFconversion=\toks29
)
LaTeX Font Info:    Font shape `T1/ptm/bx/n' in size <17.28> not available
(Font)              Font shape `T1/ptm/b/n' tried instead on input line 28.
LaTeX Font Info:    Try loading font information for OT1+ztmcm on input line 28
.
 ("C:\Program Files\MiKTeX 2.9\tex\latex\psnfss\ot1ztmcm.fd"
File: ot1ztmcm.fd 2000/01/03 Fontinst v1.801 font definitions for OT1/ztmcm.
)
LaTeX Font Info:    Try loading font information for OML+ztmcm on input line 28
.

("C:\Program Files\MiKTeX 2.9\tex\latex\psnfss\omlztmcm.fd"
File: omlztmcm.fd 2000/01/03 Fontinst v1.801 font definitions for OML/ztmcm.
)
LaTeX Font Info:    Try loading font information for OMS+ztmcm on input line 28
.

("C:\Program Files\MiKTeX 2.9\tex\latex\psnfss\omsztmcm.fd"
File: omsztmcm.fd 2000/01/03 Fontinst v1.801 font definitions for OMS/ztmcm.
)
LaTeX Font Info:    Try loading font information for OMX+ztmcm on input line 28
.

("C:\Program Files\MiKTeX 2.9\tex\latex\psnfss\omxztmcm.fd"
File: omxztmcm.fd 2000/01/03 Fontinst v1.801 font definitions for OMX/ztmcm.
)
LaTeX Font Info:    Try loading font information for OT1+ptm on input line 28.

("C:\Program Files\MiKTeX 2.9\tex\latex\psnfss\ot1ptm.fd"
File: ot1ptm.fd 2001/06/04 font definitions for OT1/ptm.
)
LaTeX Font Info:    Font shape `OT1/ptm/bx/n' in size <12> not available
(Font)              Font shape `OT1/ptm/b/n' tried instead on input line 28.
LaTeX Font Info:    Font shape `OT1/ptm/bx/n' in size <9> not available
(Font)              Font shape `OT1/ptm/b/n' tried instead on input line 28.
LaTeX Font Info:    Font shape `OT1/ptm/bx/n' in size <7> not available
(Font)              Font shape `OT1/ptm/b/n' tried instead on input line 28.
LaTeX Font Info:    Try loading font information for U+lasy on input line 28.

("C:\Program Files\MiKTeX 2.9\tex\latex\base\ulasy.fd"
File: ulasy.fd 1998/08/17 v2.2e LaTeX symbol font definitions
)
("D:\Dropbox\TCC Estagio\TCC\TCC\tcc-josue-vitorino-2011.toc"
LaTeX Font Info:    Font shape `T1/ptm/bx/n' in size <12> not available
(Font)              Font shape `T1/ptm/b/n' tried instead on input line 2.
)
\tf@toc=\write4
 [0


{C:/ProgramData/MiKTeX/2.9/pdftex/config/pdftex.map}]
("D:\Dropbox\TCC Estagio\TCC\TCC\arquivos\biologica.tex"
Cap\'{\i }tulo 1.
<./figuras/componentes_nucleotideo.png, id=85, 234.8775pt x 113.67468pt>
File: ./figuras/componentes_nucleotideo.png Graphic file (type png)

<use ./figuras/componentes_nucleotideo.png>
Package pdftex.def Info: ./figuras/componentes_nucleotideo.png used on input li
ne 11.
(pdftex.def)             Requested size: 164.41312pt x 79.57172pt.

<./figuras/sequencia_nucleotideo.png, id=86, 243.15843pt x 487.8225pt>
File: ./figuras/sequencia_nucleotideo.png Graphic file (type png)

<use ./figuras/sequencia_nucleotideo.png>
Package pdftex.def Info: ./figuras/sequencia_nucleotideo.png used on input line
 18.
(pdftex.def)             Requested size: 121.57892pt x 243.91064pt.
 [1



pdfTeX warning (ext4): destination with the same identifier (name{figure.1.1}) 
has been already used, duplicate ignored

\AtBegShi@Output ...ipout \box \AtBeginShipoutBox 
                                                  \fi \fi 
l.24 
      <D:/Dropbox/TCC Estagio/TCC/TCC/figuras/componentes_nucleotideo.png (PNG 
copy)>] <./figuras/tipos_acucar.png, id=99, 325.96782pt x 124.96687pt>
File: ./figuras/tipos_acucar.png Graphic file (type png)

<use ./figuras/tipos_acucar.png>
Package pdftex.def Info: ./figuras/tipos_acucar.png used on input line 27.
(pdftex.def)             Requested size: 228.1759pt x 87.47621pt.

<./figuras/estrutura_DNA_RNA.jpg, id=104, 264.0264pt x 223.3143pt>
File: ./figuras/estrutura_DNA_RNA.jpg Graphic file (type jpg)

<use ./figuras/estrutura_DNA_RNA.jpg>
Package pdftex.def Info: ./figuras/estrutura_DNA_RNA.jpg used on input line 35.

(pdftex.def)             Requested size: 184.8172pt x 156.31892pt.
 [2pdfTeX warning (ext4): destination with the same identifier (name{figure.1.2
}) has been already used, duplicate ignored

\AtBegShi@Output ...ipout \box \AtBeginShipoutBox 
                                                  \fi \fi 
l.59 
     pdfTeX warning (ext4): destination with the same identifier (name{figure.1
.3}) has been already used, duplicate ignored

\AtBegShi@Output ...ipout \box \AtBeginShipoutBox 
                                                  \fi \fi 
l.59 
      <D:/Dropbox/TCC Estagio/TCC/TCC/figuras/sequencia_nucleotideo.png (PNG co
py)> <D:/Dropbox/TCC Estagio/TCC/TCC/figuras/tipos_acucar.png (PNG copy)>]
<./figuras/repre_sequencia.png, id=119, 227.34938pt x 196.48407pt>
File: ./figuras/repre_sequencia.png Graphic file (type png)

<use ./figuras/repre_sequencia.png>
Package pdftex.def Info: ./figuras/repre_sequencia.png used on input line 65.
(pdftex.def)             Requested size: 159.14346pt x 137.5379pt.
 [3pdfTeX warning (ext4): destination with the same identifier (name{figure.1.4
}) has been already used, duplicate ignored

\AtBegShi@Output ...ipout \box \AtBeginShipoutBox 
                                                  \fi \fi 
l.72 
     pdfTeX warning (ext4): destination with the same identifier (name{table.1.
1}) has been already used, duplicate ignored

\AtBegShi@Output ...ipout \box \AtBeginShipoutBox 
                                                  \fi \fi 
l.72 
      <D:/Dropbox/TCC Estagio/TCC/TCC/figuras/estrutura_DNA_RNA.jpg>]
<./figuras/passo_expresscao_genica.png, id=131, 417.05812pt x 59.47218pt>
File: ./figuras/passo_expresscao_genica.png Graphic file (type png)

<use ./figuras/passo_expresscao_genica.png>
Package pdftex.def Info: ./figuras/passo_expresscao_genica.png used on input li
ne 75.
(pdftex.def)             Requested size: 291.93869pt x 41.63023pt.
LaTeX Font Info:    Font shape `OT1/ptm/bx/n' in size <10> not available
(Font)              Font shape `OT1/ptm/b/n' tried instead on input line 86.
LaTeX Font Info:    Font shape `OT1/ptm/bx/n' in size <7.4> not available
(Font)              Font shape `OT1/ptm/b/n' tried instead on input line 86.
LaTeX Font Info:    Font shape `OT1/ptm/bx/n' in size <6> not available
(Font)              Font shape `OT1/ptm/b/n' tried instead on input line 86.
 [4pdfTeX warning (ext4): destination with the same identifier (name{figure.1.5
}) has been already used, duplicate ignored

\AtBegShi@Output ...ipout \box \AtBeginShipoutBox 
                                                  \fi \fi 
l.87 
     pdfTeX warning (ext4): destination with the same identifier (name{figure.1
.6}) has been already used, duplicate ignored

\AtBegShi@Output ...ipout \box \AtBeginShipoutBox 
                                                  \fi \fi 
l.87 
      <D:/Dropbox/TCC Estagio/TCC/TCC/figuras/repre_sequencia.png (PNG copy)> <
D:/Dropbox/TCC Estagio/TCC/TCC/figuras/passo_expresscao_genica.png (PNG copy)>]
<./figuras/estrutura_Proteinas.png, id=141, 850.67813pt x 271.76532pt>
File: ./figuras/estrutura_Proteinas.png Graphic file (type png)

<use ./figuras/estrutura_Proteinas.png>
Package pdftex.def Info: ./figuras/estrutura_Proteinas.png used on input line 9
0.
(pdftex.def)             Requested size: 425.33803pt x 135.88232pt.
 [5pdfTeX warning (ext4): destination with the same identifier (name{figure.1.7
}) has been already used, duplicate ignored

\AtBegShi@Output ...ipout \box \AtBeginShipoutBox 
                                                  \fi \fi 
l.100 
       <D:/Dropbox/TCC Estagio/TCC/TCC/figuras/estrutura_Proteinas.png>]
<./figuras/seq_DNA_molde_e_nao_model.png, id=163, 355.3275pt x 183.68625pt>
File: ./figuras/seq_DNA_molde_e_nao_model.png Graphic file (type png)

<use ./figuras/seq_DNA_molde_e_nao_model.png>
Package pdftex.def Info: ./figuras/seq_DNA_molde_e_nao_model.png used on input 
line 106.
(pdftex.def)             Requested size: 248.72754pt x 128.57947pt.

<./figuras/unidade_de_transcricao.png, id=164, 1021.56656pt x 387.69844pt>
File: ./figuras/unidade_de_transcricao.png Graphic file (type png)

<use ./figuras/unidade_de_transcricao.png>
Package pdftex.def Info: ./figuras/unidade_de_transcricao.png used on input lin
e 113.
(pdftex.def)             Requested size: 408.61938pt x 155.07661pt.
 [6pdfTeX warning (ext4): destination with the same identifier (name{figure.1.8
}) has been already used, duplicate ignored

\AtBegShi@Output ...ipout \box \AtBeginShipoutBox 
                                                  \fi \fi 
l.117 
       <D:/Dropbox/TCC Estagio/TCC/TCC/figuras/seq_DNA_molde_e_nao_model.png (P
NG copy)>] [7pdfTeX warning (ext4): destination with the same identifier (name{
figure.1.9}) has been already used, duplicate ignored

\AtBegShi@Output ...ipout \box \AtBeginShipoutBox 
                                                  \fi \fi 
l.136 
      pdfTeX warning (ext4): destination with the same identifier (name{table.1
.2}) has been already used, duplicate ignored

\AtBegShi@Output ...ipout \box \AtBeginShipoutBox 
                                                  \fi \fi 
l.136 
       <D:/Dropbox/TCC Estagio/TCC/TCC/figuras/unidade_de_transcricao.png>]
<./figuras/seq_consenso.png, id=187, 706.13812pt x 241.65282pt>
File: ./figuras/seq_consenso.png Graphic file (type png)

<use ./figuras/seq_consenso.png>
Package pdftex.def Info: ./figuras/seq_consenso.png used on input line 142.
(pdftex.def)             Requested size: 494.29332pt x 169.1558pt.

Overfull \hbox (39.04921pt too wide) in paragraph at lines 142--143
 [][] 
 []

<./figuras/promotor_regulacao.png, id=195, 508.14844pt x 473.51906pt>
File: ./figuras/promotor_regulacao.png Graphic file (type png)

<use ./figuras/promotor_regulacao.png>
Package pdftex.def Info: ./figuras/promotor_regulacao.png used on input line 15
1.
(pdftex.def)             Requested size: 355.70148pt x 331.46106pt.
 [8pdfTeX warning (ext4): destination with the same identifier (name{figure.1.1
0}) has been already used, duplicate ignored

\AtBegShi@Output ...ipout \box \AtBeginShipoutBox 
                                                  \fi \fi 
l.155 
       <D:/Dropbox/TCC Estagio/TCC/TCC/figuras/seq_consenso.png>]
<./figuras/iniciacao_trans.png, id=210, 667.74469pt x 508.14844pt>
File: ./figuras/iniciacao_trans.png Graphic file (type png)

<use ./figuras/iniciacao_trans.png>
Package pdftex.def Info: ./figuras/iniciacao_trans.png used on input line 161.
(pdftex.def)             Requested size: 467.41809pt x 355.70148pt.

Overfull \hbox (12.17398pt too wide) in paragraph at lines 161--162
 [][] 
 []

[9pdfTeX warning (ext4): destination with the same identifier (name{figure.1.11
}) has been already used, duplicate ignored

\AtBegShi@Output ...ipout \box \AtBeginShipoutBox 
                                                  \fi \fi 
l.165 
       <D:/Dropbox/TCC Estagio/TCC/TCC/figuras/promotor_regulacao.png>]
[10pdfTeX warning (ext4): destination with the same identifier (name{figure.1.1
2}) has been already used, duplicate ignored

\AtBegShi@Output ...ipout \box \AtBeginShipoutBox 
                                                  \fi \fi 
l.169 
       <D:/Dropbox/TCC Estagio/TCC/TCC/figuras/iniciacao_trans.png>]
<./figuras/RNA-polimerase.jpg, id=228, 313.17pt x 319.94531pt>
File: ./figuras/RNA-polimerase.jpg Graphic file (type jpg)

<use ./figuras/RNA-polimerase.jpg>
Package pdftex.def Info: ./figuras/RNA-polimerase.jpg used on input line 172.
(pdftex.def)             Requested size: 219.21748pt x 223.96017pt.

<./figuras/RNAPOLII.png, id=229, 501.875pt x 662.475pt>
File: ./figuras/RNAPOLII.png Graphic file (type png)

<use ./figuras/RNAPOLII.png>
Package pdftex.def Info: ./figuras/RNAPOLII.png used on input line 179.
(pdftex.def)             Requested size: 351.31009pt x 463.72934pt.
 [11pdfTeX warning (ext4): destination with the same identifier (name{figure.1.
13}) has been already used, duplicate ignored

\AtBegShi@Output ...ipout \box \AtBeginShipoutBox 
                                                  \fi \fi 
l.183 
       <D:/Dropbox/TCC Estagio/TCC/TCC/figuras/RNA-polimerase.jpg>] [12pdfTeX w
arning (ext4): destination with the same identifier (name{figure.1.14}) has bee
n already used, duplicate ignored

\AtBegShi@Output ...ipout \box \AtBeginShipoutBox 
                                                  \fi \fi 
l.188 
       <D:/Dropbox/TCC Estagio/TCC/TCC/figuras/RNAPOLII.png>]
<./figuras/tab_condos.png, id=251, 379.4175pt x 341.77687pt>
File: ./figuras/tab_condos.png Graphic file (type png)

<use ./figuras/tab_condos.png>
Package pdftex.def Info: ./figuras/tab_condos.png used on input line 191.
(pdftex.def)             Requested size: 265.59042pt x 239.24217pt.

<./figuras/mRNA_to_codon.png, id=252, 617.30624pt x 177.66376pt>
File: ./figuras/mRNA_to_codon.png Graphic file (type png)

<use ./figuras/mRNA_to_codon.png>
Package pdftex.def Info: ./figuras/mRNA_to_codon.png used on input line 198.
(pdftex.def)             Requested size: 432.11142pt x 124.36377pt.
 [13pdfTeX warning (ext4): destination with the same identifier (name{figure.1.
15}) has been already used, duplicate ignored

\AtBegShi@Output ...ipout \box \AtBeginShipoutBox 
                                                  \fi \fi 
l.206 \begin{enumerate}
                       pdfTeX warning (ext4): destination with the same identif
ier (name{figure.1.16}) has been already used, duplicate ignored

\AtBegShi@Output ...ipout \box \AtBeginShipoutBox 
                                                  \fi \fi 
l.206 \begin{enumerate}
                        <D:/Dropbox/TCC Estagio/TCC/TCC/figuras/tab_condos.png>
 <D:/Dropbox/TCC Estagio/TCC/TCC/figuras/mRNA_to_codon.png>]
<./figuras/sintese_proteina.png, id=267, 389.95688pt x 1001.24063pt>
File: ./figuras/sintese_proteina.png Graphic file (type png)

<use ./figuras/sintese_proteina.png>
Package pdftex.def Info: ./figuras/sintese_proteina.png used on input line 227.

(pdftex.def)             Requested size: 272.96794pt x 700.86368pt.
 [14]
Overfull \vbox (35.94405pt too high) has occurred while \output is active []


[15pdfTeX warning (ext4): destination with the same identifier (name{figure.1.1
7}) has been already used, duplicate ignored

\AtBegShi@Output ...ipout \box \AtBeginShipoutBox 
                                                  \fi \fi 
l.231 
       <D:/Dropbox/TCC Estagio/TCC/TCC/figuras/sintese_proteina.png>]
LaTeX Font Info:    Font shape `T1/ptm/bx/n' in size <14.4> not available
(Font)              Font shape `T1/ptm/b/n' tried instead on input line 250.
 [16]
Underfull \hbox (badness 5374) in paragraph at lines 264--264
[]|\T1/ptm/m/n/12 mudanças de tem-pe-ra-tura,
 []


Overfull \hbox (3.95029pt too wide) in paragraph at lines 269--269
[]\T1/ptm/b/n/17.28 Dehydration res-pon-sive ele-ment bin-ding pro-teins (DREB)
 
 []

[17pdfTeX warning (ext4): destination with the same identifier (name{table.1.3}
) has been already used, duplicate ignored

\AtBegShi@Output ...ipout \box \AtBeginShipoutBox 
                                                  \fi \fi 
l.274 
      ]) [18] ("D:\Dropbox\TCC Estagio\TCC\TCC\arquivos\revisao.tex"
Cap\'{\i }tulo 2.
[19



] [20] [21] [22] [23] [24] [25]
Underfull \hbox (badness 1762) in paragraph at lines 106--106
[]|\T1/ptm/m/n/12 ([]WANG et al.[],
 []


Underfull \hbox (badness 4193) in paragraph at lines 106--106
\T1/ptm/m/n/12 sequên-cias que
 []


Underfull \hbox (badness 5756) in paragraph at lines 106--106
\T1/ptm/m/n/12 não con-tém o
 []


Underfull \hbox (badness 10000) in paragraph at lines 106--106
[]|\T1/ptm/m/n/12 O al-go-ritmo
 []


Underfull \hbox (badness 10000) in paragraph at lines 106--106
[]|\T1/ptm/m/n/12 ([]HOLLOWAY;
 []


Underfull \hbox (badness 3019) in paragraph at lines 106--106
\T1/ptm/m/n/12 KON; DE-LISI[],
 []


Underfull \hbox (badness 10000) in paragraph at lines 106--106
[]|\T1/ptm/m/it/12 Saccharomyces
 []


Underfull \hbox (badness 10000) in paragraph at lines 106--106
[]|\T1/ptm/m/n/12 sequências
 []


Underfull \hbox (badness 10000) in paragraph at lines 106--106
\T1/ptm/m/n/12 pro-mo-to-ras;
 []


Underfull \hbox (badness 2088) in paragraph at lines 106--106
\T1/ptm/m/n/12 pres-são de um
 []


Underfull \hbox (badness 10000) in paragraph at lines 106--106
\T1/ptm/m/n/12 de ele-men-tos
 []


Underfull \hbox (badness 10000) in paragraph at lines 106--106
\T1/ptm/m/n/12 de sequên-
 []


Underfull \hbox (badness 10000) in paragraph at lines 106--106
\T1/ptm/m/n/12 cias; sobre-
 []


Underfull \hbox (badness 10000) in paragraph at lines 106--106
\T1/ptm/m/n/12 representação
 []


Underfull \hbox (badness 10000) in paragraph at lines 106--106
\T1/ptm/m/n/12 de sequên-cias
 []


Underfull \hbox (badness 10000) in paragraph at lines 106--106
\T1/ptm/m/n/12 pro-mo-to-ras;
 []


Underfull \hbox (badness 5696) in paragraph at lines 106--106
\T1/ptm/m/n/12 tem-pe-ra-tura de
 []


Underfull \hbox (badness 7595) in paragraph at lines 106--106
\T1/ptm/m/n/12 fu-são de pro-
 []


Underfull \hbox (badness 10000) in paragraph at lines 106--106
\T1/ptm/m/n/12 con-ser-va-dos;
 []


Underfull \hbox (badness 10000) in paragraph at lines 106--106
\T1/ptm/m/n/12 k-mer com
 []


Underfull \hbox (badness 10000) in paragraph at lines 106--106
\T1/ptm/m/it/12 mis-mat-ches\T1/ptm/m/n/12 ;
 []


Underfull \hbox (badness 10000) in paragraph at lines 106--106
\T1/ptm/m/it/12 k-mer me-dian
 []


Overfull \hbox (19.91684pt too wide) in paragraph at lines 106--107
[][] 
 []

[26]
Underfull \hbox (badness 10000) in paragraph at lines 118--118
[]|\T1/ptm/m/n/12 ([]LAN et al.[],
 []


Underfull \hbox (badness 10000) in paragraph at lines 118--118
[]|\T1/ptm/m/n/12 22.746 ge-
 []


Underfull \hbox (badness 4254) in paragraph at lines 118--118
\T1/ptm/m/n/12 nes so-bre 290
 []


Underfull \hbox (badness 10000) in paragraph at lines 118--118
\T1/ptm/m/n/12 con-di-ções ex-
 []


Underfull \hbox (badness 10000) in paragraph at lines 118--118
\T1/ptm/m/n/12 pe-ri-men-tais
 []


Underfull \hbox (badness 10000) in paragraph at lines 118--118
[]|\T1/ptm/m/it/12 Logistic Re-
 []


Underfull \hbox (badness 10000) in paragraph at lines 118--118
\T1/ptm/m/it/12 gres-sion \T1/ptm/m/n/12 (LR),
 []


Underfull \hbox (badness 10000) in paragraph at lines 118--118
\T1/ptm/m/it/12 Li-near Dis-cri-
 []


Underfull \hbox (badness 10000) in paragraph at lines 118--118
\T1/ptm/m/n/12 (LDA), \T1/ptm/m/it/12 Qua-
 []


Underfull \hbox (badness 10000) in paragraph at lines 118--118
\T1/ptm/m/it/12 dra-tic Dis-cri-
 []


Underfull \hbox (badness 10000) in paragraph at lines 118--118
\T1/ptm/m/n/12 (QDA), \T1/ptm/m/it/12 Naive
 []


Underfull \hbox (badness 10000) in paragraph at lines 118--118
\T1/ptm/m/it/12 Bayes \T1/ptm/m/n/12 (NB)
 []


Underfull \hbox (badness 10000) in paragraph at lines 118--118
\T1/ptm/m/n/12 e \T1/ptm/m/it/12 K-Nearest
 []


Underfull \hbox (badness 10000) in paragraph at lines 118--118
\T1/ptm/m/it/12 Neigh-bors
 []


Underfull \hbox (badness 10000) in paragraph at lines 118--118
[]|\T1/ptm/m/n/12 Genes com
 []


Underfull \hbox (badness 10000) in paragraph at lines 118--118
\T1/ptm/m/n/12 gran-des pos-
 []


Underfull \hbox (badness 10000) in paragraph at lines 118--118
\T1/ptm/m/n/12 si-bi-li-da-des de
 []


Underfull \hbox (badness 10000) in paragraph at lines 118--118
\T1/ptm/m/n/12 se-rem ex-pres-
 []


Underfull \hbox (badness 10000) in paragraph at lines 118--118
\T1/ptm/m/n/12 sos me-di-ante
 []


Underfull \hbox (badness 10000) in paragraph at lines 118--118
\T1/ptm/m/n/12 a con-di-ções
 []


Underfull \hbox (badness 10000) in paragraph at lines 118--118
\T1/ptm/m/n/12 de es-tres-ses
 []


Underfull \hbox (badness 10000) in paragraph at lines 118--118
[]|\T1/ptm/m/n/12 ([]CHAN; KI-
 []


Underfull \hbox (badness 10000) in paragraph at lines 118--118
[]|\T1/ptm/m/n/12 CRM e não-
 []


Underfull \hbox (badness 10000) in paragraph at lines 118--118
[]|\T1/ptm/m/it/12 Arabidopsis
 []


Underfull \hbox (badness 1354) in paragraph at lines 118--118
[]|\T1/ptm/m/n/12 dados de plan-
 []


Underfull \hbox (badness 4713) in paragraph at lines 118--118
\T1/ptm/m/n/12 ABA e/ou es-
 []


Underfull \hbox (badness 1062) in paragraph at lines 118--118
\T1/ptm/m/n/12 pode ser adi-ci-
 []


Underfull \hbox (badness 10000) in paragraph at lines 118--118
\T1/ptm/m/n/12 o-nada al-guma
 []


Underfull \hbox (badness 10000) in paragraph at lines 118--118
[]|\T1/ptm/m/n/12 ([]BIGELOW et
 []


Underfull \hbox (badness 10000) in paragraph at lines 118--118
[]|\T1/ptm/m/it/12 Caenorhabditis
 []


Underfull \hbox (badness 10000) in paragraph at lines 118--118
\T1/ptm/m/it/12 ele-gans \T1/ptm/m/n/12 e o
 []


Underfull \hbox (badness 10000) in paragraph at lines 118--118
\T1/ptm/m/it/12 Ca-e-norhab-di-tis
 []


Underfull \hbox (badness 10000) in paragraph at lines 118--118
[]|\T1/ptm/m/n/12 arquivos GFF
 []


Underfull \hbox (badness 1688) in paragraph at lines 118--118
\T1/ptm/m/n/12 e con-jun-tos de
 []


Underfull \hbox (badness 10000) in paragraph at lines 118--118
\T1/ptm/m/n/12 ma-pe-a-men-tos
 []


Underfull \hbox (badness 10000) in paragraph at lines 118--118
[]|\T1/ptm/m/n/12 Modelo oculto
 []


Underfull \hbox (badness 10000) in paragraph at lines 118--118
\T1/ptm/m/n/12 de Mar-kov,
 []


Underfull \hbox (badness 10000) in paragraph at lines 118--118
[]|\T1/ptm/m/n/12 mais de 25
 []


Underfull \hbox (badness 10000) in paragraph at lines 118--118
\T1/ptm/m/n/12 ge-nes al-vos
 []


Underfull \hbox (badness 10000) in paragraph at lines 118--118
\T1/ptm/m/n/12 de TTX-3 e
 []


Overfull \hbox (19.91684pt too wide) in paragraph at lines 118--119
[][] 
 []

[27] [28]) [29] ("D:\Dropbox\TCC Estagio\TCC\TCC\tcc-josue-vitorino-2011.bbl"
[30


])
+-------------------------------------------------------------------+
| Comentario, sugestao ou critica sobre o abnTeX? Entre em contato: |
|                  http://abntex.codigolivre.org.br                 |
+-------------------------------------------------------------------+
Package atveryend Info: Empty hook `BeforeClearDocument' on input line 34.
[31]
Package atveryend Info: Empty hook `AfterLastShipout' on input line 34.
 ("D:\Dropbox\TCC Estagio\TCC\TCC\tcc-josue-vitorino-2011.aux"
("D:\Dropbox\TCC Estagio\TCC\TCC\arquivos\biologica.aux")
("D:\Dropbox\TCC Estagio\TCC\TCC\arquivos\revisao.aux"))
Package atveryend Info: Executing hook `AtVeryEndDocument' on input line 34.
Package atveryend Info: Executing hook `AtEndAfterFileList' on input line 34.
Package rerunfilecheck Info: File `tcc-josue-vitorino-2011.out' has not changed
.
(rerunfilecheck)             Checksum: 357AB8F5D3808BAB0091F6DB4225E912;1044.


LaTeX Warning: Label(s) may have changed. Rerun to get cross-references right.

Package atveryend Info: Empty hook `AtVeryVeryEnd' on input line 34.
 ) 
Here is how much of TeX's memory you used:
 8566 strings out of 494049
 126545 string characters out of 3148484
 219891 words of memory out of 3000000
 11493 multiletter control sequences out of 15000+200000
 63167 words of font info for 104 fonts, out of 3000000 for 9000
 715 hyphenation exceptions out of 8191
 36i,14n,41p,1983b,492s stack positions out of 5000i,500n,10000p,200000b,50000s
pdfTeX warning (dest): name{Hfootnote.4} has been referenced but does not exi
st, replaced by a fixed one

pdfTeX warning (dest): name{Hfootnote.3} has been referenced but does not exist
, replaced by a fixed one

{C:/Program Files/MiKTeX 2.9/fonts/enc/dvips/fontname/8r.enc}<C:/Program Files/
MiKTeX 2.9/fonts/type1/public/amsfonts/cm/cmmi10.pfb><C:/Program Files/MiKTeX 2
.9/fonts/type1/public/amsfonts/cm/cmr10.pfb><C:/Program Files/MiKTeX 2.9/fonts/
type1/public/amsfonts/cm/cmsy10.pfb><C:/Program Files/MiKTeX 2.9/fonts/type1/ur
w/symbol/usyr.pfb><C:/Program Files/MiKTeX 2.9/fonts/type1/urw/times/utmb8a.pfb
><C:/Program Files/MiKTeX 2.9/fonts/type1/urw/times/utmr8a.pfb><C:/Program File
s/MiKTeX 2.9/fonts/type1/urw/times/utmri8a.pfb>
Output written on tcc-josue-vitorino-2011.pdf (32 pages, 1009887 bytes).
PDF statistics:
 542 PDF objects out of 1000 (max. 8388607)
 101 named destinations out of 1000 (max. 500000)
 198 words of extra memory for PDF output out of 10000 (max. 10000000)

